#
# There is insufficient memory for the Java Runtime Environment to continue.
# Native memory allocation (malloc) failed to allocate 2103376 bytes for Chunk::new
# Possible reasons:
#   The system is out of physical RAM or swap space
#   The process is running with CompressedOops enabled, and the Java Heap may be blocking the growth of the native heap
# Possible solutions:
#   Reduce memory load on the system
#   Increase physical memory or swap space
#   Check if swap backing store is full
#   Decrease Java heap size (-Xmx/-Xms)
#   Decrease number of Java threads
#   Decrease Java thread stack sizes (-Xss)
#   Set larger code cache with -XX:ReservedCodeCacheSize=
#   JVM is running with Unscaled Compressed Oops mode in which the Java heap is
#     placed in the first 4GB address space. The Java Heap base address is the
#     maximum limit for the native heap growth. Please use -XX:HeapBaseMinAddress
#     to set the Java Heap base and to place the Java Heap above 4GB virtual address.
# This output file may be truncated or incomplete.
#
#  Out of Memory Error (./src/hotspot/share/memory/arena.cpp:197), pid=5428, tid=9092
#
# JRE version: OpenJDK Runtime Environment (11.0.11+9) (build 11.0.11+9-b60-7590822)
# Java VM: OpenJDK 64-Bit Server VM (11.0.11+9-b60-7590822, mixed mode, tiered, compressed oops, g1 gc, windows-amd64)
# No core dump will be written. Minidumps are not enabled by default on client versions of Windows
#

---------------  S U M M A R Y ------------

Command Line: -XX:MaxMetaspaceSize=512m --add-opens=java.base/java.util=ALL-UNNAMED --add-opens=java.base/java.lang=ALL-UNNAMED --add-opens=java.base/java.lang.invoke=ALL-UNNAMED --add-opens=java.base/java.util=ALL-UNNAMED --add-opens=java.prefs/java.util.prefs=ALL-UNNAMED --add-opens=java.prefs/java.util.prefs=ALL-UNNAMED --add-opens=java.base/java.nio.charset=ALL-UNNAMED --add-opens=java.base/java.net=ALL-UNNAMED --add-opens=java.base/java.util.concurrent.atomic=ALL-UNNAMED -Xmx2048m -Dfile.encoding=windows-1252 -Duser.country=ID -Duser.language=en -Duser.variant org.gradle.launcher.daemon.bootstrap.GradleDaemon 7.3.3

Host: Intel(R) Core(TM) i5-4570 CPU @ 3.20GHz, 4 cores, 7G,  Windows 10 , 64 bit Build 19041 (10.0.19041.1741)
Time: Mon Jul 11 17:04:21 2022 Malay Peninsula Standard Time elapsed time: 94.869480 seconds (0d 0h 1m 34s)

---------------  T H R E A D  ---------------

Current thread (0x0000016b9e52b800):  JavaThread "C2 CompilerThread1" daemon [_thread_in_native, id=9092, stack(0x000000075a500000,0x000000075a600000)]


Current CompileTask:
C2:  94869 17346       4       org.gradle.api.internal.artifacts.configurations.DefaultConfiguration_Decorated::getHierarchy (40 bytes)

Stack: [0x000000075a500000,0x000000075a600000]
Native frames: (J=compiled Java code, j=interpreted, Vv=VM code, C=native code)
V  [jvm.dll+0x5f214a]
V  [jvm.dll+0x726fb5]
V  [jvm.dll+0x7285cd]
V  [jvm.dll+0x728c83]
V  [jvm.dll+0x243278]
V  [jvm.dll+0xbc53c]
V  [jvm.dll+0xbca3c]
V  [jvm.dll+0x353e7d]
V  [jvm.dll+0x321893]
V  [jvm.dll+0x320d8a]
V  [jvm.dll+0x1fc1e2]
V  [jvm.dll+0x1fb3d4]
V  [jvm.dll+0x183d6c]
V  [jvm.dll+0x209a57]
V  [jvm.dll+0x2082a1]
V  [jvm.dll+0x6ef58f]
V  [jvm.dll+0x6e80b5]
V  [jvm.dll+0x5f1036]
C  [ucrtbase.dll+0x21bb2]
C  [KERNEL32.DLL+0x17034]
C  [ntdll.dll+0x52651]


---------------  P R O C E S S  ---------------

Threads class SMR info:
_java_thread_list=0x0000016ba2068320, length=84, elements={
0x0000016b82aba800, 0x0000016b9c68d000, 0x0000016b9c697000, 0x0000016b9c6f1000,
0x0000016b9c6f2000, 0x0000016b9c6f5000, 0x0000016b9c6f8000, 0x0000016b9c6fa800,
0x0000016b9c6fd000, 0x0000016b9d17e000, 0x0000016b9e751000, 0x0000016b9e6c6000,
0x0000016b9dc5d800, 0x0000016b9f523000, 0x0000016b9f131800, 0x0000016b9f1d3000,
0x0000016b9f0f5800, 0x0000016b9dfbe000, 0x0000016b9f456800, 0x0000016b9f454800,
0x0000016b9f457800, 0x0000016b9f458800, 0x0000016b9f45a000, 0x0000016b9f459000,
0x0000016b9f45b000, 0x0000016b9f455000, 0x0000016b9f456000, 0x0000016b9e422000,
0x0000016b9e423800, 0x0000016b9e41f000, 0x0000016b9e420800, 0x0000016b9e41f800,
0x0000016b9e41e000, 0x0000016b9e426000, 0x0000016b9e427000, 0x0000016b9e424800,
0x0000016b9e421800, 0x0000016b9e428800, 0x0000016b9e42a000, 0x0000016b9e42c800,
0x0000016b9e42b000, 0x0000016b9e429800, 0x0000016b9e42c000, 0x0000016b9e428000,
0x0000016ba40b9000, 0x0000016ba40bb000, 0x0000016ba40b8800, 0x0000016ba40b7800,
0x0000016ba40bc800, 0x0000016ba40bf000, 0x0000016ba40bd000, 0x0000016ba40bb800,
0x0000016ba40be000, 0x0000016ba40bf800, 0x0000016ba40ba000, 0x0000016ba40c1800,
0x0000016ba40c0800, 0x0000016ba40c4000, 0x0000016ba40c3000, 0x0000016ba40c2000,
0x0000016ba40c4800, 0x0000016ba40c5800, 0x0000016ba40c6000, 0x0000016ba34de800,
0x0000016ba34e1800, 0x0000016ba34e2800, 0x0000016ba34e1000, 0x0000016ba34e0000,
0x0000016ba34e3800, 0x0000016ba34e5000, 0x0000016ba34df800, 0x0000016ba34e6000,
0x0000016ba34e7800, 0x0000016ba34e8000, 0x0000016ba34e4000, 0x0000016ba34ea800,
0x0000016ba34eb800, 0x0000016ba34ed000, 0x0000016ba34ec800, 0x0000016b9e527800,
0x0000016b9e52b000, 0x0000016b9e529000, 0x0000016b9e526800, 0x0000016b9e52b800
}

Java Threads: ( => current thread )
  0x0000016b82aba800 JavaThread "main" [_thread_blocked, id=6376, stack(0x0000000758a00000,0x0000000758b00000)]
  0x0000016b9c68d000 JavaThread "Reference Handler" daemon [_thread_blocked, id=13192, stack(0x0000000759100000,0x0000000759200000)]
  0x0000016b9c697000 JavaThread "Finalizer" daemon [_thread_blocked, id=5248, stack(0x0000000759200000,0x0000000759300000)]
  0x0000016b9c6f1000 JavaThread "Signal Dispatcher" daemon [_thread_blocked, id=6524, stack(0x0000000759300000,0x0000000759400000)]
  0x0000016b9c6f2000 JavaThread "Attach Listener" daemon [_thread_blocked, id=5344, stack(0x0000000759400000,0x0000000759500000)]
  0x0000016b9c6f5000 JavaThread "Service Thread" daemon [_thread_blocked, id=1352, stack(0x0000000759500000,0x0000000759600000)]
  0x0000016b9c6f8000 JavaThread "C2 CompilerThread0" daemon [_thread_in_native, id=12512, stack(0x0000000759600000,0x0000000759700000)]
  0x0000016b9c6fa800 JavaThread "C1 CompilerThread0" daemon [_thread_blocked, id=10292, stack(0x0000000759700000,0x0000000759800000)]
  0x0000016b9c6fd000 JavaThread "Sweeper thread" daemon [_thread_blocked, id=10484, stack(0x0000000759800000,0x0000000759900000)]
  0x0000016b9d17e000 JavaThread "Common-Cleaner" daemon [_thread_blocked, id=4744, stack(0x0000000759900000,0x0000000759a00000)]
  0x0000016b9e751000 JavaThread "Daemon health stats" [_thread_blocked, id=7064, stack(0x0000000759d00000,0x0000000759e00000)]
  0x0000016b9e6c6000 JavaThread "Incoming local TCP Connector on port 62697" [_thread_in_native, id=6852, stack(0x0000000759e00000,0x0000000759f00000)]
  0x0000016b9dc5d800 JavaThread "Daemon periodic checks" [_thread_blocked, id=10276, stack(0x0000000759f00000,0x000000075a000000)]
  0x0000016b9f523000 JavaThread "Daemon" [_thread_blocked, id=10348, stack(0x000000075a000000,0x000000075a100000)]
  0x0000016b9f131800 JavaThread "Handler for socket connection from /127.0.0.1:62697 to /127.0.0.1:62701" [_thread_in_native, id=10008, stack(0x000000075a100000,0x000000075a200000)]
  0x0000016b9f1d3000 JavaThread "Cancel handler" [_thread_blocked, id=2468, stack(0x000000075a200000,0x000000075a300000)]
  0x0000016b9f0f5800 JavaThread "Daemon worker" [_thread_in_Java, id=6920, stack(0x000000075a300000,0x000000075a400000)]
  0x0000016b9dfbe000 JavaThread "Asynchronous log dispatcher for DefaultDaemonConnection: socket connection from /127.0.0.1:62697 to /127.0.0.1:62701" [_thread_blocked, id=12460, stack(0x000000075a400000,0x000000075a500000)]
  0x0000016b9f456800 JavaThread "Daemon client event forwarder" [_thread_blocked, id=4516, stack(0x000000075a600000,0x000000075a700000)]
  0x0000016b9f454800 JavaThread "Cache worker for journal cache (C:\Users\mikik\.gradle\caches\journal-1)" [_thread_blocked, id=10124, stack(0x000000075a800000,0x000000075a900000)]
  0x0000016b9f457800 JavaThread "File lock request listener" [_thread_in_native, id=5692, stack(0x000000075a900000,0x000000075aa00000)]
  0x0000016b9f458800 JavaThread "Cache worker for file hash cache (C:\Users\mikik\.gradle\caches\7.3.3\fileHashes)" [_thread_blocked, id=2080, stack(0x000000075aa00000,0x000000075ab00000)]
  0x0000016b9f45a000 JavaThread "Cache worker for file hash cache (E:\mikiko\react native\final-app\mikiko\android\.gradle\7.3.3\fileHashes)" [_thread_blocked, id=6248, stack(0x000000075ab00000,0x000000075ac00000)]
  0x0000016b9f459000 JavaThread "File watcher server" daemon [_thread_in_native, id=7140, stack(0x000000075ac00000,0x000000075ad00000)]
  0x0000016b9f45b000 JavaThread "File watcher consumer" daemon [_thread_blocked, id=11364, stack(0x000000075ad00000,0x000000075ae00000)]
  0x0000016b9f455000 JavaThread "jar transforms" [_thread_blocked, id=12028, stack(0x000000075ae00000,0x000000075af00000)]
  0x0000016b9f456000 JavaThread "jar transforms Thread 2" [_thread_blocked, id=8616, stack(0x000000075af00000,0x000000075b000000)]
  0x0000016b9e422000 JavaThread "jar transforms Thread 3" [_thread_blocked, id=12980, stack(0x000000075b000000,0x000000075b100000)]
  0x0000016b9e423800 JavaThread "jar transforms Thread 4" [_thread_blocked, id=10852, stack(0x000000075b100000,0x000000075b200000)]
  0x0000016b9e41f000 JavaThread "Cache worker for checksums cache (E:\mikiko\react native\final-app\mikiko\android\.gradle\7.3.3\checksums)" [_thread_blocked, id=11512, stack(0x000000075b200000,0x000000075b300000)]
  0x0000016b9e420800 JavaThread "Cache worker for cache directory md-supplier (C:\Users\mikik\.gradle\caches\7.3.3\md-supplier)" [_thread_blocked, id=5532, stack(0x000000075b300000,0x000000075b400000)]
  0x0000016b9e41f800 JavaThread "Cache worker for cache directory md-rule (C:\Users\mikik\.gradle\caches\7.3.3\md-rule)" [_thread_blocked, id=12664, stack(0x000000075b400000,0x000000075b500000)]
  0x0000016b9e41e000 JavaThread "Cache worker for execution history cache (C:\Users\mikik\.gradle\caches\7.3.3\executionHistory)" [_thread_blocked, id=10660, stack(0x000000075b500000,0x000000075b600000)]
  0x0000016b9e426000 JavaThread "Cache worker for file content cache (C:\Users\mikik\.gradle\caches\7.3.3\fileContent)" [_thread_blocked, id=812, stack(0x000000075b600000,0x000000075b700000)]
  0x0000016b9e427000 JavaThread "Cache worker for kotlin-dsl (C:\Users\mikik\.gradle\caches\7.3.3\kotlin-dsl)" [_thread_blocked, id=9268, stack(0x000000075b800000,0x000000075b900000)]
  0x0000016b9e424800 JavaThread "Cache worker for dependencies-accessors (E:\mikiko\react native\final-app\mikiko\android\.gradle\7.3.3\dependencies-accessors)" [_thread_blocked, id=12928, stack(0x000000075b900000,0x000000075ba00000)]
  0x0000016b9e421800 JavaThread "Cache worker for Build Output Cleanup Cache (E:\mikiko\react native\final-app\mikiko\android\.gradle\buildOutputCleanup)" [_thread_blocked, id=8280, stack(0x000000075ba00000,0x000000075bb00000)]
  0x0000016b9e428800 JavaThread "Cache worker for Build Output Cleanup Cache (E:\mikiko\react native\final-app\mikiko\node_modules\react-native-gradle-plugin\.gradle\buildOutputCleanup)" [_thread_blocked, id=8892, stack(0x000000075bb00000,0x000000075bc00000)]
  0x0000016b9e42a000 JavaThread "Unconstrained build operations" [_thread_blocked, id=7412, stack(0x000000075be00000,0x000000075bf00000)]
  0x0000016b9e42c800 JavaThread "Unconstrained build operations Thread 2" [_thread_blocked, id=5948, stack(0x000000075bf00000,0x000000075c000000)]
  0x0000016b9e42b000 JavaThread "Unconstrained build operations Thread 3" [_thread_blocked, id=3888, stack(0x000000075c000000,0x000000075c100000)]
  0x0000016b9e429800 JavaThread "Unconstrained build operations Thread 4" [_thread_blocked, id=11680, stack(0x000000075c100000,0x000000075c200000)]
  0x0000016b9e42c000 JavaThread "Unconstrained build operations Thread 5" [_thread_blocked, id=2896, stack(0x000000075c200000,0x000000075c300000)]
  0x0000016b9e428000 JavaThread "Unconstrained build operations Thread 6" [_thread_blocked, id=3720, stack(0x000000075c300000,0x000000075c400000)]
  0x0000016ba40b9000 JavaThread "Unconstrained build operations Thread 7" [_thread_blocked, id=1292, stack(0x000000075c400000,0x000000075c500000)]
  0x0000016ba40bb000 JavaThread "Unconstrained build operations Thread 8" [_thread_blocked, id=4144, stack(0x000000075c500000,0x000000075c600000)]
  0x0000016ba40b8800 JavaThread "Unconstrained build operations Thread 9" [_thread_blocked, id=10104, stack(0x000000075c600000,0x000000075c700000)]
  0x0000016ba40b7800 JavaThread "Unconstrained build operations Thread 10" [_thread_blocked, id=5400, stack(0x000000075c700000,0x000000075c800000)]
  0x0000016ba40bc800 JavaThread "Unconstrained build operations Thread 11" [_thread_blocked, id=4024, stack(0x000000075c800000,0x000000075c900000)]
  0x0000016ba40bf000 JavaThread "Unconstrained build operations Thread 12" [_thread_blocked, id=12036, stack(0x000000075c900000,0x000000075ca00000)]
  0x0000016ba40bd000 JavaThread "Unconstrained build operations Thread 13" [_thread_blocked, id=5836, stack(0x000000075ca00000,0x000000075cb00000)]
  0x0000016ba40bb800 JavaThread "Unconstrained build operations Thread 14" [_thread_blocked, id=9976, stack(0x000000075cb00000,0x000000075cc00000)]
  0x0000016ba40be000 JavaThread "Unconstrained build operations Thread 15" [_thread_blocked, id=3968, stack(0x000000075cc00000,0x000000075cd00000)]
  0x0000016ba40bf800 JavaThread "Unconstrained build operations Thread 16" [_thread_blocked, id=8836, stack(0x000000075cd00000,0x000000075ce00000)]
  0x0000016ba40ba000 JavaThread "Unconstrained build operations Thread 17" [_thread_blocked, id=12392, stack(0x000000075ce00000,0x000000075cf00000)]
  0x0000016ba40c1800 JavaThread "Unconstrained build operations Thread 18" [_thread_blocked, id=6644, stack(0x000000075cf00000,0x000000075d000000)]
  0x0000016ba40c0800 JavaThread "Unconstrained build operations Thread 19" [_thread_blocked, id=10940, stack(0x000000075d000000,0x000000075d100000)]
  0x0000016ba40c4000 JavaThread "Unconstrained build operations Thread 20" [_thread_blocked, id=12868, stack(0x000000075d100000,0x000000075d200000)]
  0x0000016ba40c3000 JavaThread "Unconstrained build operations Thread 21" [_thread_blocked, id=13156, stack(0x000000075d200000,0x000000075d300000)]
  0x0000016ba40c2000 JavaThread "Unconstrained build operations Thread 22" [_thread_blocked, id=6340, stack(0x000000075d300000,0x000000075d400000)]
  0x0000016ba40c4800 JavaThread "Unconstrained build operations Thread 23" [_thread_blocked, id=5224, stack(0x000000075d400000,0x000000075d500000)]
  0x0000016ba40c5800 JavaThread "Unconstrained build operations Thread 24" [_thread_blocked, id=7616, stack(0x000000075d500000,0x000000075d600000)]
  0x0000016ba40c6000 JavaThread "Unconstrained build operations Thread 25" [_thread_blocked, id=6632, stack(0x000000075d600000,0x000000075d700000)]
  0x0000016ba34de800 JavaThread "Unconstrained build operations Thread 26" [_thread_blocked, id=2100, stack(0x000000075d700000,0x000000075d800000)]
  0x0000016ba34e1800 JavaThread "Unconstrained build operations Thread 27" [_thread_blocked, id=9252, stack(0x000000075d800000,0x000000075d900000)]
  0x0000016ba34e2800 JavaThread "Unconstrained build operations Thread 28" [_thread_blocked, id=7936, stack(0x000000075d900000,0x000000075da00000)]
  0x0000016ba34e1000 JavaThread "Unconstrained build operations Thread 29" [_thread_blocked, id=12412, stack(0x000000075da00000,0x000000075db00000)]
  0x0000016ba34e0000 JavaThread "Unconstrained build operations Thread 30" [_thread_blocked, id=12640, stack(0x000000075db00000,0x000000075dc00000)]
  0x0000016ba34e3800 JavaThread "Unconstrained build operations Thread 31" [_thread_blocked, id=7564, stack(0x000000075dc00000,0x000000075dd00000)]
  0x0000016ba34e5000 JavaThread "Unconstrained build operations Thread 32" [_thread_blocked, id=12964, stack(0x000000075dd00000,0x000000075de00000)]
  0x0000016ba34df800 JavaThread "Unconstrained build operations Thread 33" [_thread_blocked, id=7080, stack(0x000000075de00000,0x000000075df00000)]
  0x0000016ba34e6000 JavaThread "build event listener" [_thread_blocked, id=10264, stack(0x000000075df00000,0x000000075e000000)]
  0x0000016ba34e7800 JavaThread "Memory manager" [_thread_blocked, id=5828, stack(0x000000075e000000,0x000000075e100000)]
  0x0000016ba34e8000 JavaThread "included builds" [_thread_blocked, id=2848, stack(0x000000075b700000,0x000000075b800000)]
  0x0000016ba34e4000 JavaThread "Cache worker for execution history cache (E:\mikiko\react native\final-app\mikiko\node_modules\react-native-gradle-plugin\.gradle\7.3.3\executionHistory)" [_thread_blocked, id=10716, stack(0x000000075e400000,0x000000075e500000)]
  0x0000016ba34ea800 JavaThread "Unconstrained build operations Thread 34" [_thread_blocked, id=12164, stack(0x000000075e500000,0x000000075e600000)]
  0x0000016ba34eb800 JavaThread "Unconstrained build operations Thread 35" [_thread_blocked, id=10856, stack(0x000000075e600000,0x000000075e700000)]
  0x0000016ba34ed000 JavaThread "Unconstrained build operations Thread 36" [_thread_blocked, id=11260, stack(0x000000075e700000,0x000000075e800000)]
  0x0000016ba34ec800 JavaThread "Unconstrained build operations Thread 37" [_thread_blocked, id=10468, stack(0x000000075e800000,0x000000075e900000)]
  0x0000016b9e527800 JavaThread "Unconstrained build operations Thread 38" [_thread_blocked, id=10312, stack(0x000000075e900000,0x000000075ea00000)]
  0x0000016b9e52b000 JavaThread "Unconstrained build operations Thread 39" [_thread_blocked, id=9588, stack(0x000000075ea00000,0x000000075eb00000)]
  0x0000016b9e529000 JavaThread "Unconstrained build operations Thread 40" [_thread_blocked, id=2064, stack(0x000000075eb00000,0x000000075ec00000)]
  0x0000016b9e526800 JavaThread "build event listener" [_thread_blocked, id=9584, stack(0x0000000758800000,0x0000000758900000)]
=>0x0000016b9e52b800 JavaThread "C2 CompilerThread1" daemon [_thread_in_native, id=9092, stack(0x000000075a500000,0x000000075a600000)]

Other Threads:
  0x0000016b9c688000 VMThread "VM Thread" [stack: 0x0000000759000000,0x0000000759100000] [id=6452]
  0x0000016b9d17f800 WatcherThread [stack: 0x0000000759a00000,0x0000000759b00000] [id=5128]
  0x0000016b82ad4800 GCTaskThread "GC Thread#0" [stack: 0x0000000758b00000,0x0000000758c00000] [id=11768]
  0x0000016b9d9c8800 GCTaskThread "GC Thread#1" [stack: 0x0000000759b00000,0x0000000759c00000] [id=8304]
  0x0000016b9d30d000 GCTaskThread "GC Thread#2" [stack: 0x0000000759c00000,0x0000000759d00000] [id=10624]
  0x0000016b9db0c000 GCTaskThread "GC Thread#3" [stack: 0x000000075a700000,0x000000075a800000] [id=12544]
  0x0000016b82b04000 ConcurrentGCThread "G1 Main Marker" [stack: 0x0000000758c00000,0x0000000758d00000] [id=11932]
  0x0000016b82b05800 ConcurrentGCThread "G1 Conc#0" [stack: 0x0000000758d00000,0x0000000758e00000] [id=12648]
  0x0000016b82b96000 ConcurrentGCThread "G1 Refine#0" [stack: 0x0000000758e00000,0x0000000758f00000] [id=9580]
  0x0000016b82b97000 ConcurrentGCThread "G1 Young RemSet Sampling" [stack: 0x0000000758f00000,0x0000000759000000] [id=13100]

Threads with active compile tasks:
C2 CompilerThread0  94916 17393       4       org.gradle.api.internal.artifacts.configurations.Configurations::collectCapabilities (73 bytes)
C2 CompilerThread1  94916 17346       4       org.gradle.api.internal.artifacts.configurations.DefaultConfiguration_Decorated::getHierarchy (40 bytes)

VM state:not at safepoint (normal execution)

VM Mutex/Monitor currently owned by a thread: None

Heap address: 0x0000000080000000, size: 2048 MB, Compressed Oops mode: 32-bit
Narrow klass base: 0x0000000000000000, Narrow klass shift: 3
Compressed class space size: 528482304 Address: 0x0000000100000000

Heap:
 garbage-first heap   total 324608K, used 282280K [0x0000000080000000, 0x0000000100000000)
  region size 1024K, 6 young (6144K), 2 survivors (2048K)
 Metaspace       used 130683K, capacity 138913K, committed 139264K, reserved 636928K
  class space    used 17078K, capacity 19844K, committed 19968K, reserved 516096K
Heap Regions: E=young(eden), S=young(survivor), O=old, HS=humongous(starts), HC=humongous(continues), CS=collection set, F=free, A=archive, TAMS=top-at-mark-start (previous, next)
|   0|0x0000000080000000, 0x0000000080100000, 0x0000000080100000|100%| O|  |TAMS 0x0000000080100000, 0x0000000080100000| Untracked 
|   1|0x0000000080100000, 0x0000000080200000, 0x0000000080200000|100%| O|  |TAMS 0x0000000080200000, 0x0000000080200000| Untracked 
|   2|0x0000000080200000, 0x0000000080300000, 0x0000000080300000|100%| O|  |TAMS 0x0000000080300000, 0x0000000080300000| Untracked 
|   3|0x0000000080300000, 0x0000000080400000, 0x0000000080400000|100%|HS|  |TAMS 0x0000000080400000, 0x0000000080400000| Complete 
|   4|0x0000000080400000, 0x0000000080500000, 0x0000000080500000|100%|HC|  |TAMS 0x0000000080500000, 0x0000000080500000| Complete 
|   5|0x0000000080500000, 0x0000000080600000, 0x0000000080600000|100%|HC|  |TAMS 0x0000000080600000, 0x0000000080600000| Complete 
|   6|0x0000000080600000, 0x0000000080700000, 0x0000000080700000|100%| O|  |TAMS 0x0000000080700000, 0x0000000080700000| Untracked 
|   7|0x0000000080700000, 0x0000000080800000, 0x0000000080800000|100%| O|  |TAMS 0x0000000080800000, 0x0000000080800000| Untracked 
|   8|0x0000000080800000, 0x0000000080900000, 0x0000000080900000|100%| O|  |TAMS 0x0000000080900000, 0x0000000080900000| Untracked 
|   9|0x0000000080900000, 0x0000000080a00000, 0x0000000080a00000|100%| O|  |TAMS 0x0000000080a00000, 0x0000000080a00000| Untracked 
|  10|0x0000000080a00000, 0x0000000080b00000, 0x0000000080b00000|100%| O|  |TAMS 0x0000000080b00000, 0x0000000080b00000| Untracked 
|  11|0x0000000080b00000, 0x0000000080c00000, 0x0000000080c00000|100%| O|  |TAMS 0x0000000080c00000, 0x0000000080c00000| Untracked 
|  12|0x0000000080c00000, 0x0000000080d00000, 0x0000000080d00000|100%| O|  |TAMS 0x0000000080d00000, 0x0000000080d00000| Untracked 
|  13|0x0000000080d00000, 0x0000000080e00000, 0x0000000080e00000|100%| O|  |TAMS 0x0000000080e00000, 0x0000000080e00000| Untracked 
|  14|0x0000000080e00000, 0x0000000080f00000, 0x0000000080f00000|100%| O|  |TAMS 0x0000000080f00000, 0x0000000080f00000| Untracked 
|  15|0x0000000080f00000, 0x0000000081000000, 0x0000000081000000|100%| O|  |TAMS 0x0000000081000000, 0x0000000081000000| Untracked 
|  16|0x0000000081000000, 0x0000000081100000, 0x0000000081100000|100%| O|  |TAMS 0x0000000081100000, 0x0000000081100000| Untracked 
|  17|0x0000000081100000, 0x0000000081200000, 0x0000000081200000|100%|HS|  |TAMS 0x0000000081200000, 0x0000000081200000| Complete 
|  18|0x0000000081200000, 0x0000000081300000, 0x0000000081300000|100%|HC|  |TAMS 0x0000000081300000, 0x0000000081300000| Complete 
|  19|0x0000000081300000, 0x0000000081400000, 0x0000000081400000|100%|HS|  |TAMS 0x0000000081400000, 0x0000000081400000| Complete 
|  20|0x0000000081400000, 0x0000000081500000, 0x0000000081500000|100%|HC|  |TAMS 0x0000000081500000, 0x0000000081500000| Complete 
|  21|0x0000000081500000, 0x0000000081600000, 0x0000000081600000|100%|HC|  |TAMS 0x0000000081600000, 0x0000000081600000| Complete 
|  22|0x0000000081600000, 0x0000000081700000, 0x0000000081700000|100%|HS|  |TAMS 0x0000000081700000, 0x0000000081700000| Complete 
|  23|0x0000000081700000, 0x0000000081800000, 0x0000000081800000|100%|HC|  |TAMS 0x0000000081800000, 0x0000000081800000| Complete 
|  24|0x0000000081800000, 0x0000000081900000, 0x0000000081900000|100%|HC|  |TAMS 0x0000000081900000, 0x0000000081900000| Complete 
|  25|0x0000000081900000, 0x0000000081a00000, 0x0000000081a00000|100%|HC|  |TAMS 0x0000000081a00000, 0x0000000081a00000| Complete 
|  26|0x0000000081a00000, 0x0000000081b00000, 0x0000000081b00000|100%| O|  |TAMS 0x0000000081b00000, 0x0000000081b00000| Untracked 
|  27|0x0000000081b00000, 0x0000000081c00000, 0x0000000081c00000|100%| O|  |TAMS 0x0000000081c00000, 0x0000000081c00000| Untracked 
|  28|0x0000000081c00000, 0x0000000081d00000, 0x0000000081d00000|100%|HS|  |TAMS 0x0000000081d00000, 0x0000000081d00000| Complete 
|  29|0x0000000081d00000, 0x0000000081e00000, 0x0000000081e00000|100%|HC|  |TAMS 0x0000000081e00000, 0x0000000081e00000| Complete 
|  30|0x0000000081e00000, 0x0000000081f00000, 0x0000000081f00000|100%|HC|  |TAMS 0x0000000081f00000, 0x0000000081f00000| Complete 
|  31|0x0000000081f00000, 0x0000000082000000, 0x0000000082000000|100%| O|  |TAMS 0x0000000082000000, 0x0000000082000000| Untracked 
|  32|0x0000000082000000, 0x0000000082100000, 0x0000000082100000|100%| O|  |TAMS 0x0000000082100000, 0x0000000082100000| Untracked 
|  33|0x0000000082100000, 0x0000000082200000, 0x0000000082200000|100%| O|  |TAMS 0x0000000082200000, 0x0000000082200000| Untracked 
|  34|0x0000000082200000, 0x0000000082300000, 0x0000000082300000|100%| O|  |TAMS 0x0000000082300000, 0x0000000082300000| Untracked 
|  35|0x0000000082300000, 0x0000000082400000, 0x0000000082400000|100%| O|  |TAMS 0x0000000082400000, 0x0000000082400000| Untracked 
|  36|0x0000000082400000, 0x0000000082500000, 0x0000000082500000|100%| O|  |TAMS 0x0000000082500000, 0x0000000082500000| Untracked 
|  37|0x0000000082500000, 0x0000000082600000, 0x0000000082600000|100%| O|  |TAMS 0x0000000082600000, 0x0000000082600000| Untracked 
|  38|0x0000000082600000, 0x0000000082700000, 0x0000000082700000|100%| O|  |TAMS 0x0000000082700000, 0x0000000082700000| Untracked 
|  39|0x0000000082700000, 0x0000000082800000, 0x0000000082800000|100%| O|  |TAMS 0x0000000082800000, 0x0000000082800000| Untracked 
|  40|0x0000000082800000, 0x0000000082900000, 0x0000000082900000|100%| O|  |TAMS 0x0000000082900000, 0x0000000082900000| Untracked 
|  41|0x0000000082900000, 0x0000000082a00000, 0x0000000082a00000|100%| O|  |TAMS 0x0000000082a00000, 0x0000000082a00000| Untracked 
|  42|0x0000000082a00000, 0x0000000082b00000, 0x0000000082b00000|100%| O|  |TAMS 0x0000000082b00000, 0x0000000082b00000| Untracked 
|  43|0x0000000082b00000, 0x0000000082c00000, 0x0000000082c00000|100%| O|  |TAMS 0x0000000082c00000, 0x0000000082c00000| Untracked 
|  44|0x0000000082c00000, 0x0000000082d00000, 0x0000000082d00000|100%| O|  |TAMS 0x0000000082d00000, 0x0000000082d00000| Untracked 
|  45|0x0000000082d00000, 0x0000000082e00000, 0x0000000082e00000|100%| O|  |TAMS 0x0000000082e00000, 0x0000000082e00000| Untracked 
|  46|0x0000000082e00000, 0x0000000082f00000, 0x0000000082f00000|100%|HS|  |TAMS 0x0000000082f00000, 0x0000000082f00000| Complete 
|  47|0x0000000082f00000, 0x0000000083000000, 0x0000000083000000|100%|HC|  |TAMS 0x0000000083000000, 0x0000000083000000| Complete 
|  48|0x0000000083000000, 0x0000000083100000, 0x0000000083100000|100%|HC|  |TAMS 0x0000000083100000, 0x0000000083100000| Complete 
|  49|0x0000000083100000, 0x0000000083200000, 0x0000000083200000|100%|HC|  |TAMS 0x0000000083200000, 0x0000000083200000| Complete 
|  50|0x0000000083200000, 0x0000000083300000, 0x0000000083300000|100%| O|  |TAMS 0x0000000083300000, 0x0000000083300000| Untracked 
|  51|0x0000000083300000, 0x0000000083400000, 0x0000000083400000|100%| O|  |TAMS 0x0000000083400000, 0x0000000083400000| Untracked 
|  52|0x0000000083400000, 0x0000000083500000, 0x0000000083500000|100%| O|  |TAMS 0x0000000083500000, 0x0000000083500000| Untracked 
|  53|0x0000000083500000, 0x0000000083600000, 0x0000000083600000|100%| O|  |TAMS 0x0000000083600000, 0x0000000083600000| Untracked 
|  54|0x0000000083600000, 0x0000000083700000, 0x0000000083700000|100%| O|  |TAMS 0x0000000083700000, 0x0000000083700000| Untracked 
|  55|0x0000000083700000, 0x0000000083800000, 0x0000000083800000|100%| O|  |TAMS 0x0000000083800000, 0x0000000083800000| Untracked 
|  56|0x0000000083800000, 0x0000000083900000, 0x0000000083900000|100%| O|  |TAMS 0x0000000083900000, 0x0000000083900000| Untracked 
|  57|0x0000000083900000, 0x0000000083a00000, 0x0000000083a00000|100%| O|  |TAMS 0x0000000083a00000, 0x0000000083a00000| Untracked 
|  58|0x0000000083a00000, 0x0000000083b00000, 0x0000000083b00000|100%|HS|  |TAMS 0x0000000083b00000, 0x0000000083b00000| Complete 
|  59|0x0000000083b00000, 0x0000000083c00000, 0x0000000083c00000|100%| O|  |TAMS 0x0000000083c00000, 0x0000000083c00000| Untracked 
|  60|0x0000000083c00000, 0x0000000083d00000, 0x0000000083d00000|100%| O|  |TAMS 0x0000000083d00000, 0x0000000083d00000| Untracked 
|  61|0x0000000083d00000, 0x0000000083e00000, 0x0000000083e00000|100%|HS|  |TAMS 0x0000000083e00000, 0x0000000083e00000| Complete 
|  62|0x0000000083e00000, 0x0000000083f00000, 0x0000000083f00000|100%|HC|  |TAMS 0x0000000083f00000, 0x0000000083f00000| Complete 
|  63|0x0000000083f00000, 0x0000000084000000, 0x0000000084000000|100%|HC|  |TAMS 0x0000000084000000, 0x0000000084000000| Complete 
|  64|0x0000000084000000, 0x0000000084100000, 0x0000000084100000|100%| O|  |TAMS 0x0000000084100000, 0x0000000084100000| Untracked 
|  65|0x0000000084100000, 0x0000000084200000, 0x0000000084200000|100%| O|  |TAMS 0x0000000084200000, 0x0000000084200000| Untracked 
|  66|0x0000000084200000, 0x0000000084300000, 0x0000000084300000|100%| O|  |TAMS 0x0000000084300000, 0x0000000084300000| Untracked 
|  67|0x0000000084300000, 0x0000000084400000, 0x0000000084400000|100%| O|  |TAMS 0x0000000084400000, 0x0000000084400000| Untracked 
|  68|0x0000000084400000, 0x0000000084500000, 0x0000000084500000|100%| O|  |TAMS 0x0000000084500000, 0x0000000084500000| Untracked 
|  69|0x0000000084500000, 0x0000000084600000, 0x0000000084600000|100%| O|  |TAMS 0x0000000084600000, 0x0000000084600000| Untracked 
|  70|0x0000000084600000, 0x0000000084700000, 0x0000000084700000|100%| O|  |TAMS 0x0000000084700000, 0x0000000084700000| Untracked 
|  71|0x0000000084700000, 0x0000000084800000, 0x0000000084800000|100%| O|  |TAMS 0x0000000084800000, 0x0000000084800000| Untracked 
|  72|0x0000000084800000, 0x0000000084900000, 0x0000000084900000|100%| O|  |TAMS 0x0000000084900000, 0x0000000084900000| Untracked 
|  73|0x0000000084900000, 0x0000000084a00000, 0x0000000084a00000|100%| O|  |TAMS 0x0000000084a00000, 0x0000000084a00000| Untracked 
|  74|0x0000000084a00000, 0x0000000084b00000, 0x0000000084b00000|100%| O|  |TAMS 0x0000000084b00000, 0x0000000084b00000| Untracked 
|  75|0x0000000084b00000, 0x0000000084c00000, 0x0000000084c00000|100%| O|  |TAMS 0x0000000084c00000, 0x0000000084c00000| Untracked 
|  76|0x0000000084c00000, 0x0000000084d00000, 0x0000000084d00000|100%| O|  |TAMS 0x0000000084d00000, 0x0000000084d00000| Untracked 
|  77|0x0000000084d00000, 0x0000000084e00000, 0x0000000084e00000|100%| O|  |TAMS 0x0000000084e00000, 0x0000000084e00000| Untracked 
|  78|0x0000000084e00000, 0x0000000084f00000, 0x0000000084f00000|100%| O|  |TAMS 0x0000000084f00000, 0x0000000084f00000| Untracked 
|  79|0x0000000084f00000, 0x0000000085000000, 0x0000000085000000|100%| O|  |TAMS 0x0000000085000000, 0x0000000085000000| Untracked 
|  80|0x0000000085000000, 0x0000000085100000, 0x0000000085100000|100%| O|  |TAMS 0x0000000085100000, 0x0000000085100000| Untracked 
|  81|0x0000000085100000, 0x0000000085200000, 0x0000000085200000|100%|HS|  |TAMS 0x0000000085200000, 0x0000000085200000| Complete 
|  82|0x0000000085200000, 0x0000000085300000, 0x0000000085300000|100%|HS|  |TAMS 0x0000000085300000, 0x0000000085300000| Complete 
|  83|0x0000000085300000, 0x0000000085400000, 0x0000000085400000|100%|HS|  |TAMS 0x0000000085400000, 0x0000000085400000| Complete 
|  84|0x0000000085400000, 0x0000000085500000, 0x0000000085500000|100%|HC|  |TAMS 0x0000000085500000, 0x0000000085500000| Complete 
|  85|0x0000000085500000, 0x0000000085600000, 0x0000000085600000|100%| O|  |TAMS 0x0000000085600000, 0x0000000085600000| Untracked 
|  86|0x0000000085600000, 0x0000000085700000, 0x0000000085700000|100%|HS|  |TAMS 0x0000000085700000, 0x0000000085700000| Complete 
|  87|0x0000000085700000, 0x0000000085800000, 0x0000000085800000|100%|HC|  |TAMS 0x0000000085800000, 0x0000000085800000| Complete 
|  88|0x0000000085800000, 0x0000000085900000, 0x0000000085900000|100%| O|  |TAMS 0x0000000085900000, 0x0000000085900000| Untracked 
|  89|0x0000000085900000, 0x0000000085a00000, 0x0000000085a00000|100%| O|  |TAMS 0x0000000085a00000, 0x0000000085a00000| Untracked 
|  90|0x0000000085a00000, 0x0000000085b00000, 0x0000000085b00000|100%| O|  |TAMS 0x0000000085b00000, 0x0000000085b00000| Untracked 
|  91|0x0000000085b00000, 0x0000000085c00000, 0x0000000085c00000|100%| O|  |TAMS 0x0000000085c00000, 0x0000000085c00000| Untracked 
|  92|0x0000000085c00000, 0x0000000085d00000, 0x0000000085d00000|100%| O|  |TAMS 0x0000000085d00000, 0x0000000085d00000| Untracked 
|  93|0x0000000085d00000, 0x0000000085e00000, 0x0000000085e00000|100%| O|  |TAMS 0x0000000085e00000, 0x0000000085e00000| Untracked 
|  94|0x0000000085e00000, 0x0000000085f00000, 0x0000000085f00000|100%| O|  |TAMS 0x0000000085f00000, 0x0000000085f00000| Untracked 
|  95|0x0000000085f00000, 0x0000000086000000, 0x0000000086000000|100%| O|  |TAMS 0x0000000086000000, 0x0000000086000000| Untracked 
|  96|0x0000000086000000, 0x0000000086100000, 0x0000000086100000|100%| O|  |TAMS 0x0000000086100000, 0x0000000086100000| Untracked 
|  97|0x0000000086100000, 0x0000000086200000, 0x0000000086200000|100%| O|  |TAMS 0x0000000086200000, 0x0000000086200000| Untracked 
|  98|0x0000000086200000, 0x0000000086300000, 0x0000000086300000|100%| O|  |TAMS 0x0000000086300000, 0x0000000086300000| Untracked 
|  99|0x0000000086300000, 0x0000000086400000, 0x0000000086400000|100%| O|  |TAMS 0x0000000086400000, 0x0000000086400000| Untracked 
| 100|0x0000000086400000, 0x0000000086500000, 0x0000000086500000|100%| O|  |TAMS 0x0000000086500000, 0x0000000086500000| Untracked 
| 101|0x0000000086500000, 0x0000000086600000, 0x0000000086600000|100%| O|  |TAMS 0x0000000086600000, 0x0000000086600000| Untracked 
| 102|0x0000000086600000, 0x0000000086700000, 0x0000000086700000|100%| O|  |TAMS 0x0000000086700000, 0x0000000086700000| Untracked 
| 103|0x0000000086700000, 0x0000000086800000, 0x0000000086800000|100%| O|  |TAMS 0x0000000086800000, 0x0000000086800000| Untracked 
| 104|0x0000000086800000, 0x0000000086900000, 0x0000000086900000|100%| O|  |TAMS 0x0000000086900000, 0x0000000086900000| Untracked 
| 105|0x0000000086900000, 0x0000000086a00000, 0x0000000086a00000|100%| O|  |TAMS 0x0000000086a00000, 0x0000000086a00000| Untracked 
| 106|0x0000000086a00000, 0x0000000086b00000, 0x0000000086b00000|100%| O|  |TAMS 0x0000000086b00000, 0x0000000086b00000| Untracked 
| 107|0x0000000086b00000, 0x0000000086c00000, 0x0000000086c00000|100%| O|  |TAMS 0x0000000086c00000, 0x0000000086c00000| Untracked 
| 108|0x0000000086c00000, 0x0000000086d00000, 0x0000000086d00000|100%| O|  |TAMS 0x0000000086d00000, 0x0000000086d00000| Untracked 
| 109|0x0000000086d00000, 0x0000000086e00000, 0x0000000086e00000|100%| O|  |TAMS 0x0000000086e00000, 0x0000000086e00000| Untracked 
| 110|0x0000000086e00000, 0x0000000086f00000, 0x0000000086f00000|100%| O|  |TAMS 0x0000000086f00000, 0x0000000086f00000| Untracked 
| 111|0x0000000086f00000, 0x0000000087000000, 0x0000000087000000|100%| O|  |TAMS 0x0000000087000000, 0x0000000087000000| Untracked 
| 112|0x0000000087000000, 0x0000000087100000, 0x0000000087100000|100%| O|  |TAMS 0x0000000087100000, 0x0000000087100000| Untracked 
| 113|0x0000000087100000, 0x0000000087200000, 0x0000000087200000|100%| O|  |TAMS 0x0000000087200000, 0x0000000087200000| Untracked 
| 114|0x0000000087200000, 0x0000000087300000, 0x0000000087300000|100%| O|  |TAMS 0x0000000087300000, 0x0000000087300000| Untracked 
| 115|0x0000000087300000, 0x0000000087400000, 0x0000000087400000|100%| O|  |TAMS 0x0000000087400000, 0x0000000087400000| Untracked 
| 116|0x0000000087400000, 0x0000000087500000, 0x0000000087500000|100%| O|  |TAMS 0x0000000087500000, 0x0000000087500000| Untracked 
| 117|0x0000000087500000, 0x0000000087600000, 0x0000000087600000|100%| O|  |TAMS 0x0000000087600000, 0x0000000087600000| Untracked 
| 118|0x0000000087600000, 0x0000000087700000, 0x0000000087700000|100%| O|  |TAMS 0x0000000087700000, 0x0000000087700000| Untracked 
| 119|0x0000000087700000, 0x0000000087800000, 0x0000000087800000|100%| O|  |TAMS 0x0000000087800000, 0x0000000087800000| Untracked 
| 120|0x0000000087800000, 0x0000000087900000, 0x0000000087900000|100%| O|  |TAMS 0x0000000087900000, 0x0000000087900000| Untracked 
| 121|0x0000000087900000, 0x0000000087a00000, 0x0000000087a00000|100%| O|  |TAMS 0x0000000087a00000, 0x0000000087a00000| Untracked 
| 122|0x0000000087a00000, 0x0000000087b00000, 0x0000000087b00000|100%| O|  |TAMS 0x0000000087b00000, 0x0000000087b00000| Untracked 
| 123|0x0000000087b00000, 0x0000000087c00000, 0x0000000087c00000|100%| O|  |TAMS 0x0000000087c00000, 0x0000000087c00000| Untracked 
| 124|0x0000000087c00000, 0x0000000087d00000, 0x0000000087d00000|100%| O|  |TAMS 0x0000000087d00000, 0x0000000087d00000| Untracked 
| 125|0x0000000087d00000, 0x0000000087e00000, 0x0000000087e00000|100%| O|  |TAMS 0x0000000087e00000, 0x0000000087e00000| Untracked 
| 126|0x0000000087e00000, 0x0000000087f00000, 0x0000000087f00000|100%| O|  |TAMS 0x0000000087f00000, 0x0000000087f00000| Untracked 
| 127|0x0000000087f00000, 0x0000000088000000, 0x0000000088000000|100%| O|  |TAMS 0x0000000088000000, 0x0000000088000000| Untracked 
| 128|0x0000000088000000, 0x0000000088100000, 0x0000000088100000|100%| O|  |TAMS 0x0000000088100000, 0x0000000088100000| Untracked 
| 129|0x0000000088100000, 0x0000000088200000, 0x0000000088200000|100%| O|  |TAMS 0x0000000088200000, 0x0000000088200000| Untracked 
| 130|0x0000000088200000, 0x0000000088300000, 0x0000000088300000|100%| O|  |TAMS 0x0000000088300000, 0x0000000088300000| Untracked 
| 131|0x0000000088300000, 0x0000000088400000, 0x0000000088400000|100%| O|  |TAMS 0x0000000088400000, 0x0000000088400000| Untracked 
| 132|0x0000000088400000, 0x0000000088500000, 0x0000000088500000|100%| O|  |TAMS 0x0000000088500000, 0x0000000088500000| Untracked 
| 133|0x0000000088500000, 0x0000000088600000, 0x0000000088600000|100%| O|  |TAMS 0x0000000088600000, 0x0000000088600000| Untracked 
| 134|0x0000000088600000, 0x0000000088700000, 0x0000000088700000|100%| O|  |TAMS 0x0000000088700000, 0x0000000088700000| Untracked 
| 135|0x0000000088700000, 0x0000000088800000, 0x0000000088800000|100%| O|  |TAMS 0x0000000088800000, 0x0000000088800000| Untracked 
| 136|0x0000000088800000, 0x0000000088900000, 0x0000000088900000|100%| O|  |TAMS 0x0000000088900000, 0x0000000088900000| Untracked 
| 137|0x0000000088900000, 0x0000000088a00000, 0x0000000088a00000|100%| O|  |TAMS 0x0000000088a00000, 0x0000000088a00000| Untracked 
| 138|0x0000000088a00000, 0x0000000088b00000, 0x0000000088b00000|100%| O|  |TAMS 0x0000000088b00000, 0x0000000088b00000| Untracked 
| 139|0x0000000088b00000, 0x0000000088c00000, 0x0000000088c00000|100%| O|  |TAMS 0x0000000088c00000, 0x0000000088c00000| Untracked 
| 140|0x0000000088c00000, 0x0000000088d00000, 0x0000000088d00000|100%| O|  |TAMS 0x0000000088d00000, 0x0000000088d00000| Untracked 
| 141|0x0000000088d00000, 0x0000000088e00000, 0x0000000088e00000|100%| O|  |TAMS 0x0000000088e00000, 0x0000000088e00000| Untracked 
| 142|0x0000000088e00000, 0x0000000088f00000, 0x0000000088f00000|100%| O|  |TAMS 0x0000000088f00000, 0x0000000088f00000| Untracked 
| 143|0x0000000088f00000, 0x0000000089000000, 0x0000000089000000|100%| O|  |TAMS 0x0000000089000000, 0x0000000089000000| Untracked 
| 144|0x0000000089000000, 0x0000000089100000, 0x0000000089100000|100%| O|  |TAMS 0x0000000089100000, 0x0000000089100000| Untracked 
| 145|0x0000000089100000, 0x0000000089200000, 0x0000000089200000|100%|HS|  |TAMS 0x0000000089200000, 0x0000000089200000| Complete 
| 146|0x0000000089200000, 0x0000000089300000, 0x0000000089300000|100%|HS|  |TAMS 0x0000000089300000, 0x0000000089300000| Complete 
| 147|0x0000000089300000, 0x0000000089400000, 0x0000000089400000|100%|HC|  |TAMS 0x0000000089400000, 0x0000000089400000| Complete 
| 148|0x0000000089400000, 0x0000000089500000, 0x0000000089500000|100%|HC|  |TAMS 0x0000000089500000, 0x0000000089500000| Complete 
| 149|0x0000000089500000, 0x0000000089600000, 0x0000000089600000|100%| O|  |TAMS 0x0000000089600000, 0x0000000089600000| Untracked 
| 150|0x0000000089600000, 0x0000000089700000, 0x0000000089700000|100%| O|  |TAMS 0x0000000089700000, 0x0000000089700000| Untracked 
| 151|0x0000000089700000, 0x0000000089800000, 0x0000000089800000|100%| O|  |TAMS 0x0000000089800000, 0x0000000089800000| Untracked 
| 152|0x0000000089800000, 0x0000000089900000, 0x0000000089900000|100%| O|  |TAMS 0x0000000089900000, 0x0000000089900000| Untracked 
| 153|0x0000000089900000, 0x0000000089a00000, 0x0000000089a00000|100%| O|  |TAMS 0x0000000089a00000, 0x0000000089a00000| Untracked 
| 154|0x0000000089a00000, 0x0000000089b00000, 0x0000000089b00000|100%| O|  |TAMS 0x0000000089b00000, 0x0000000089b00000| Untracked 
| 155|0x0000000089b00000, 0x0000000089c00000, 0x0000000089c00000|100%| O|  |TAMS 0x0000000089c00000, 0x0000000089c00000| Untracked 
| 156|0x0000000089c00000, 0x0000000089d00000, 0x0000000089d00000|100%| O|  |TAMS 0x0000000089d00000, 0x0000000089d00000| Untracked 
| 157|0x0000000089d00000, 0x0000000089e00000, 0x0000000089e00000|100%| O|  |TAMS 0x0000000089e00000, 0x0000000089e00000| Untracked 
| 158|0x0000000089e00000, 0x0000000089f00000, 0x0000000089f00000|100%| O|  |TAMS 0x0000000089f00000, 0x0000000089f00000| Untracked 
| 159|0x0000000089f00000, 0x000000008a000000, 0x000000008a000000|100%| O|  |TAMS 0x000000008a000000, 0x000000008a000000| Untracked 
| 160|0x000000008a000000, 0x000000008a100000, 0x000000008a100000|100%| O|  |TAMS 0x000000008a100000, 0x000000008a100000| Untracked 
| 161|0x000000008a100000, 0x000000008a200000, 0x000000008a200000|100%| O|  |TAMS 0x000000008a200000, 0x000000008a200000| Untracked 
| 162|0x000000008a200000, 0x000000008a300000, 0x000000008a300000|100%| O|  |TAMS 0x000000008a300000, 0x000000008a300000| Untracked 
| 163|0x000000008a300000, 0x000000008a400000, 0x000000008a400000|100%| O|  |TAMS 0x000000008a400000, 0x000000008a400000| Untracked 
| 164|0x000000008a400000, 0x000000008a500000, 0x000000008a500000|100%| O|  |TAMS 0x000000008a500000, 0x000000008a500000| Untracked 
| 165|0x000000008a500000, 0x000000008a600000, 0x000000008a600000|100%|HS|  |TAMS 0x000000008a600000, 0x000000008a600000| Complete 
| 166|0x000000008a600000, 0x000000008a700000, 0x000000008a700000|100%|HS|  |TAMS 0x000000008a700000, 0x000000008a700000| Complete 
| 167|0x000000008a700000, 0x000000008a800000, 0x000000008a800000|100%|HS|  |TAMS 0x000000008a800000, 0x000000008a800000| Complete 
| 168|0x000000008a800000, 0x000000008a900000, 0x000000008a900000|100%|HC|  |TAMS 0x000000008a900000, 0x000000008a900000| Complete 
| 169|0x000000008a900000, 0x000000008aa00000, 0x000000008aa00000|100%|HC|  |TAMS 0x000000008aa00000, 0x000000008aa00000| Complete 
| 170|0x000000008aa00000, 0x000000008ab00000, 0x000000008ab00000|100%| O|  |TAMS 0x000000008ab00000, 0x000000008ab00000| Untracked 
| 171|0x000000008ab00000, 0x000000008ac00000, 0x000000008ac00000|100%| O|  |TAMS 0x000000008ac00000, 0x000000008ac00000| Untracked 
| 172|0x000000008ac00000, 0x000000008ad00000, 0x000000008ad00000|100%|HS|  |TAMS 0x000000008ad00000, 0x000000008ad00000| Complete 
| 173|0x000000008ad00000, 0x000000008ae00000, 0x000000008ae00000|100%| O|  |TAMS 0x000000008ae00000, 0x000000008ae00000| Untracked 
| 174|0x000000008ae00000, 0x000000008af00000, 0x000000008af00000|100%| O|  |TAMS 0x000000008af00000, 0x000000008af00000| Untracked 
| 175|0x000000008af00000, 0x000000008b000000, 0x000000008b000000|100%| O|  |TAMS 0x000000008b000000, 0x000000008b000000| Untracked 
| 176|0x000000008b000000, 0x000000008b100000, 0x000000008b100000|100%| O|  |TAMS 0x000000008b100000, 0x000000008b100000| Untracked 
| 177|0x000000008b100000, 0x000000008b200000, 0x000000008b200000|100%| O|  |TAMS 0x000000008b200000, 0x000000008b200000| Untracked 
| 178|0x000000008b200000, 0x000000008b300000, 0x000000008b300000|100%| O|  |TAMS 0x000000008b300000, 0x000000008b300000| Untracked 
| 179|0x000000008b300000, 0x000000008b400000, 0x000000008b400000|100%| O|  |TAMS 0x000000008b400000, 0x000000008b400000| Untracked 
| 180|0x000000008b400000, 0x000000008b500000, 0x000000008b500000|100%| O|  |TAMS 0x000000008b500000, 0x000000008b500000| Untracked 
| 181|0x000000008b500000, 0x000000008b600000, 0x000000008b600000|100%| O|  |TAMS 0x000000008b600000, 0x000000008b600000| Untracked 
| 182|0x000000008b600000, 0x000000008b700000, 0x000000008b700000|100%| O|  |TAMS 0x000000008b700000, 0x000000008b700000| Untracked 
| 183|0x000000008b700000, 0x000000008b800000, 0x000000008b800000|100%|HS|  |TAMS 0x000000008b800000, 0x000000008b800000| Complete 
| 184|0x000000008b800000, 0x000000008b900000, 0x000000008b900000|100%|HC|  |TAMS 0x000000008b900000, 0x000000008b900000| Complete 
| 185|0x000000008b900000, 0x000000008ba00000, 0x000000008ba00000|100%| O|  |TAMS 0x000000008ba00000, 0x000000008ba00000| Untracked 
| 186|0x000000008ba00000, 0x000000008bb00000, 0x000000008bb00000|100%|HS|  |TAMS 0x000000008bb00000, 0x000000008bb00000| Complete 
| 187|0x000000008bb00000, 0x000000008bc00000, 0x000000008bc00000|100%|HC|  |TAMS 0x000000008bc00000, 0x000000008bc00000| Complete 
| 188|0x000000008bc00000, 0x000000008bd00000, 0x000000008bd00000|100%|HC|  |TAMS 0x000000008bd00000, 0x000000008bd00000| Complete 
| 189|0x000000008bd00000, 0x000000008be00000, 0x000000008be00000|100%| O|  |TAMS 0x000000008be00000, 0x000000008be00000| Untracked 
| 190|0x000000008be00000, 0x000000008bf00000, 0x000000008bf00000|100%| O|  |TAMS 0x000000008bf00000, 0x000000008bf00000| Untracked 
| 191|0x000000008bf00000, 0x000000008c000000, 0x000000008c000000|100%| O|  |TAMS 0x000000008c000000, 0x000000008c000000| Untracked 
| 192|0x000000008c000000, 0x000000008c100000, 0x000000008c100000|100%| O|  |TAMS 0x000000008c100000, 0x000000008c100000| Untracked 
| 193|0x000000008c100000, 0x000000008c200000, 0x000000008c200000|100%| O|  |TAMS 0x000000008c200000, 0x000000008c200000| Untracked 
| 194|0x000000008c200000, 0x000000008c300000, 0x000000008c300000|100%| O|  |TAMS 0x000000008c300000, 0x000000008c300000| Untracked 
| 195|0x000000008c300000, 0x000000008c400000, 0x000000008c400000|100%| O|  |TAMS 0x000000008c400000, 0x000000008c400000| Untracked 
| 196|0x000000008c400000, 0x000000008c500000, 0x000000008c500000|100%| O|  |TAMS 0x000000008c500000, 0x000000008c500000| Untracked 
| 197|0x000000008c500000, 0x000000008c600000, 0x000000008c600000|100%| O|  |TAMS 0x000000008c600000, 0x000000008c600000| Untracked 
| 198|0x000000008c600000, 0x000000008c700000, 0x000000008c700000|100%| O|  |TAMS 0x000000008c700000, 0x000000008c700000| Untracked 
| 199|0x000000008c700000, 0x000000008c800000, 0x000000008c800000|100%| O|  |TAMS 0x000000008c800000, 0x000000008c800000| Untracked 
| 200|0x000000008c800000, 0x000000008c900000, 0x000000008c900000|100%| O|  |TAMS 0x000000008c900000, 0x000000008c900000| Untracked 
| 201|0x000000008c900000, 0x000000008ca00000, 0x000000008ca00000|100%| O|  |TAMS 0x000000008ca00000, 0x000000008ca00000| Untracked 
| 202|0x000000008ca00000, 0x000000008cb00000, 0x000000008cb00000|100%| O|  |TAMS 0x000000008cb00000, 0x000000008cb00000| Untracked 
| 203|0x000000008cb00000, 0x000000008cc00000, 0x000000008cc00000|100%| O|  |TAMS 0x000000008cc00000, 0x000000008cc00000| Untracked 
| 204|0x000000008cc00000, 0x000000008cd00000, 0x000000008cd00000|100%| O|  |TAMS 0x000000008cd00000, 0x000000008cd00000| Untracked 
| 205|0x000000008cd00000, 0x000000008ce00000, 0x000000008ce00000|100%| O|  |TAMS 0x000000008ce00000, 0x000000008ce00000| Untracked 
| 206|0x000000008ce00000, 0x000000008cf00000, 0x000000008cf00000|100%|HS|  |TAMS 0x000000008cf00000, 0x000000008cf00000| Complete 
| 207|0x000000008cf00000, 0x000000008d000000, 0x000000008d000000|100%|HC|  |TAMS 0x000000008d000000, 0x000000008d000000| Complete 
| 208|0x000000008d000000, 0x000000008d100000, 0x000000008d100000|100%|HC|  |TAMS 0x000000008d100000, 0x000000008d100000| Complete 
| 209|0x000000008d100000, 0x000000008d200000, 0x000000008d200000|100%| O|  |TAMS 0x000000008d100000, 0x000000008d200000| Untracked 
| 210|0x000000008d200000, 0x000000008d300000, 0x000000008d300000|100%| O|  |TAMS 0x000000008d300000, 0x000000008d300000| Untracked 
| 211|0x000000008d300000, 0x000000008d400000, 0x000000008d400000|100%| O|  |TAMS 0x000000008d400000, 0x000000008d400000| Untracked 
| 212|0x000000008d400000, 0x000000008d500000, 0x000000008d500000|100%| O|  |TAMS 0x000000008d500000, 0x000000008d500000| Untracked 
| 213|0x000000008d500000, 0x000000008d600000, 0x000000008d600000|100%| O|  |TAMS 0x000000008d600000, 0x000000008d600000| Untracked 
| 214|0x000000008d600000, 0x000000008d700000, 0x000000008d700000|100%| O|  |TAMS 0x000000008d700000, 0x000000008d700000| Untracked 
| 215|0x000000008d700000, 0x000000008d800000, 0x000000008d800000|100%| O|  |TAMS 0x000000008d800000, 0x000000008d800000| Untracked 
| 216|0x000000008d800000, 0x000000008d900000, 0x000000008d900000|100%|HS|  |TAMS 0x000000008d900000, 0x000000008d900000| Complete 
| 217|0x000000008d900000, 0x000000008da00000, 0x000000008da00000|100%|HC|  |TAMS 0x000000008da00000, 0x000000008da00000| Complete 
| 218|0x000000008da00000, 0x000000008db00000, 0x000000008db00000|100%| O|  |TAMS 0x000000008db00000, 0x000000008db00000| Untracked 
| 219|0x000000008db00000, 0x000000008dc00000, 0x000000008dc00000|100%| O|  |TAMS 0x000000008dc00000, 0x000000008dc00000| Untracked 
| 220|0x000000008dc00000, 0x000000008dd00000, 0x000000008dd00000|100%| O|  |TAMS 0x000000008dd00000, 0x000000008dd00000| Untracked 
| 221|0x000000008dd00000, 0x000000008de00000, 0x000000008de00000|100%| O|  |TAMS 0x000000008de00000, 0x000000008de00000| Untracked 
| 222|0x000000008de00000, 0x000000008df00000, 0x000000008df00000|100%| O|  |TAMS 0x000000008df00000, 0x000000008df00000| Untracked 
| 223|0x000000008df00000, 0x000000008e000000, 0x000000008e000000|100%| O|  |TAMS 0x000000008e000000, 0x000000008e000000| Untracked 
| 224|0x000000008e000000, 0x000000008e100000, 0x000000008e100000|100%| O|  |TAMS 0x000000008e100000, 0x000000008e100000| Untracked 
| 225|0x000000008e100000, 0x000000008e200000, 0x000000008e200000|100%|HS|  |TAMS 0x000000008e200000, 0x000000008e200000| Complete 
| 226|0x000000008e200000, 0x000000008e300000, 0x000000008e300000|100%|HC|  |TAMS 0x000000008e300000, 0x000000008e300000| Complete 
| 227|0x000000008e300000, 0x000000008e400000, 0x000000008e400000|100%|HS|  |TAMS 0x000000008e400000, 0x000000008e400000| Complete 
| 228|0x000000008e400000, 0x000000008e500000, 0x000000008e500000|100%|HC|  |TAMS 0x000000008e500000, 0x000000008e500000| Complete 
| 229|0x000000008e500000, 0x000000008e600000, 0x000000008e600000|100%|HC|  |TAMS 0x000000008e600000, 0x000000008e600000| Complete 
| 230|0x000000008e600000, 0x000000008e700000, 0x000000008e700000|100%|HS|  |TAMS 0x000000008e700000, 0x000000008e700000| Complete 
| 231|0x000000008e700000, 0x000000008e800000, 0x000000008e800000|100%|HC|  |TAMS 0x000000008e800000, 0x000000008e800000| Complete 
| 232|0x000000008e800000, 0x000000008e900000, 0x000000008e900000|100%|HC|  |TAMS 0x000000008e900000, 0x000000008e900000| Complete 
| 233|0x000000008e900000, 0x000000008ea00000, 0x000000008ea00000|100%|HC|  |TAMS 0x000000008ea00000, 0x000000008ea00000| Complete 
| 234|0x000000008ea00000, 0x000000008eb00000, 0x000000008eb00000|100%| O|  |TAMS 0x000000008eb00000, 0x000000008eb00000| Untracked 
| 235|0x000000008eb00000, 0x000000008ec00000, 0x000000008ec00000|100%| O|  |TAMS 0x000000008ec00000, 0x000000008ec00000| Untracked 
| 236|0x000000008ec00000, 0x000000008ed00000, 0x000000008ed00000|100%| O|  |TAMS 0x000000008ed00000, 0x000000008ed00000| Untracked 
| 237|0x000000008ed00000, 0x000000008ee00000, 0x000000008ee00000|100%| O|  |TAMS 0x000000008ee00000, 0x000000008ee00000| Untracked 
| 238|0x000000008ee00000, 0x000000008ef00000, 0x000000008ef00000|100%| O|  |TAMS 0x000000008ef00000, 0x000000008ef00000| Untracked 
| 239|0x000000008ef00000, 0x000000008f000000, 0x000000008f000000|100%| O|  |TAMS 0x000000008f000000, 0x000000008f000000| Untracked 
| 240|0x000000008f000000, 0x000000008f100000, 0x000000008f100000|100%| O|  |TAMS 0x000000008f100000, 0x000000008f100000| Untracked 
| 241|0x000000008f100000, 0x000000008f200000, 0x000000008f200000|100%| O|  |TAMS 0x000000008f200000, 0x000000008f200000| Untracked 
| 242|0x000000008f200000, 0x000000008f300000, 0x000000008f300000|100%| O|  |TAMS 0x000000008f300000, 0x000000008f300000| Untracked 
| 243|0x000000008f300000, 0x000000008f400000, 0x000000008f400000|100%| O|  |TAMS 0x000000008f400000, 0x000000008f400000| Untracked 
| 244|0x000000008f400000, 0x000000008f500000, 0x000000008f500000|100%| O|  |TAMS 0x000000008f500000, 0x000000008f500000| Untracked 
| 245|0x000000008f500000, 0x000000008f600000, 0x000000008f600000|100%| O|  |TAMS 0x000000008f600000, 0x000000008f600000| Untracked 
| 246|0x000000008f600000, 0x000000008f700000, 0x000000008f700000|100%| O|  |TAMS 0x000000008f700000, 0x000000008f700000| Untracked 
| 247|0x000000008f700000, 0x000000008f800000, 0x000000008f800000|100%| O|  |TAMS 0x000000008f800000, 0x000000008f800000| Untracked 
| 248|0x000000008f800000, 0x000000008f900000, 0x000000008f900000|100%| O|  |TAMS 0x000000008f900000, 0x000000008f900000| Untracked 
| 249|0x000000008f900000, 0x000000008fa00000, 0x000000008fa00000|100%| O|  |TAMS 0x000000008fa00000, 0x000000008fa00000| Untracked 
| 250|0x000000008fa00000, 0x000000008fb00000, 0x000000008fb00000|100%| O|  |TAMS 0x000000008fb00000, 0x000000008fb00000| Untracked 
| 251|0x000000008fb00000, 0x000000008fc00000, 0x000000008fc00000|100%| O|  |TAMS 0x000000008fc00000, 0x000000008fc00000| Untracked 
| 252|0x000000008fc00000, 0x000000008fd00000, 0x000000008fd00000|100%| O|  |TAMS 0x000000008fd00000, 0x000000008fd00000| Untracked 
| 253|0x000000008fd00000, 0x000000008fe00000, 0x000000008fe00000|100%| O|  |TAMS 0x000000008fe00000, 0x000000008fe00000| Untracked 
| 254|0x000000008fe00000, 0x000000008ff00000, 0x000000008ff00000|100%| O|  |TAMS 0x000000008ff00000, 0x000000008ff00000| Untracked 
| 255|0x000000008ff00000, 0x0000000090000000, 0x0000000090000000|100%| O|  |TAMS 0x0000000090000000, 0x0000000090000000| Untracked 
| 256|0x0000000090000000, 0x0000000090100000, 0x0000000090100000|100%| O|  |TAMS 0x0000000090100000, 0x0000000090100000| Untracked 
| 257|0x0000000090100000, 0x0000000090200000, 0x0000000090200000|100%| O|  |TAMS 0x00000000901a7c00, 0x0000000090200000| Untracked 
| 258|0x0000000090200000, 0x0000000090300000, 0x0000000090300000|100%| O|  |TAMS 0x0000000090200000, 0x0000000090300000| Untracked 
| 259|0x0000000090300000, 0x0000000090400000, 0x0000000090400000|100%| O|  |TAMS 0x0000000090300000, 0x0000000090400000| Untracked 
| 260|0x0000000090400000, 0x0000000090500000, 0x0000000090500000|100%| O|  |TAMS 0x0000000090400000, 0x0000000090500000| Untracked 
| 261|0x0000000090500000, 0x0000000090600000, 0x0000000090600000|100%| O|  |TAMS 0x0000000090500000, 0x0000000090600000| Untracked 
| 262|0x0000000090600000, 0x0000000090700000, 0x0000000090700000|100%| O|  |TAMS 0x0000000090600000, 0x0000000090700000| Untracked 
| 263|0x0000000090700000, 0x0000000090800000, 0x0000000090800000|100%| O|  |TAMS 0x0000000090700000, 0x0000000090800000| Untracked 
| 264|0x0000000090800000, 0x0000000090900000, 0x0000000090900000|100%| O|  |TAMS 0x0000000090800000, 0x0000000090900000| Untracked 
| 265|0x0000000090900000, 0x0000000090a00000, 0x0000000090a00000|100%| O|  |TAMS 0x0000000090900000, 0x0000000090a00000| Untracked 
| 266|0x0000000090a00000, 0x0000000090b00000, 0x0000000090b00000|100%| O|  |TAMS 0x0000000090a00000, 0x0000000090b00000| Untracked 
| 267|0x0000000090b00000, 0x0000000090c00000, 0x0000000090c00000|100%| O|  |TAMS 0x0000000090b00000, 0x0000000090c00000| Untracked 
| 268|0x0000000090c00000, 0x0000000090d00000, 0x0000000090d00000|100%| O|  |TAMS 0x0000000090c00000, 0x0000000090d00000| Untracked 
| 269|0x0000000090d00000, 0x0000000090e00000, 0x0000000090e00000|100%| O|  |TAMS 0x0000000090d00000, 0x0000000090e00000| Untracked 
| 270|0x0000000090e00000, 0x0000000090eaa200, 0x0000000090f00000| 66%| O|  |TAMS 0x0000000090e00000, 0x0000000090eaa200| Untracked 
| 271|0x0000000090f00000, 0x0000000090f00000, 0x0000000091000000|  0%| F|  |TAMS 0x0000000090f00000, 0x0000000090f00000| Untracked 
| 272|0x0000000091000000, 0x0000000091000000, 0x0000000091100000|  0%| F|  |TAMS 0x0000000091000000, 0x0000000091000000| Untracked 
| 273|0x0000000091100000, 0x0000000091100000, 0x0000000091200000|  0%| F|  |TAMS 0x0000000091100000, 0x0000000091100000| Untracked 
| 274|0x0000000091200000, 0x0000000091200000, 0x0000000091300000|  0%| F|  |TAMS 0x0000000091200000, 0x0000000091200000| Untracked 
| 275|0x0000000091300000, 0x0000000091300000, 0x0000000091400000|  0%| F|  |TAMS 0x0000000091300000, 0x0000000091300000| Untracked 
| 276|0x0000000091400000, 0x0000000091400000, 0x0000000091500000|  0%| F|  |TAMS 0x0000000091400000, 0x0000000091400000| Untracked 
| 277|0x0000000091500000, 0x0000000091500000, 0x0000000091600000|  0%| F|  |TAMS 0x0000000091500000, 0x0000000091500000| Untracked 
| 278|0x0000000091600000, 0x0000000091600000, 0x0000000091700000|  0%| F|  |TAMS 0x0000000091600000, 0x0000000091600000| Untracked 
| 279|0x0000000091700000, 0x0000000091700000, 0x0000000091800000|  0%| F|  |TAMS 0x0000000091700000, 0x0000000091700000| Untracked 
| 280|0x0000000091800000, 0x0000000091800000, 0x0000000091900000|  0%| F|  |TAMS 0x0000000091800000, 0x0000000091800000| Untracked 
| 281|0x0000000091900000, 0x0000000091900000, 0x0000000091a00000|  0%| F|  |TAMS 0x0000000091900000, 0x0000000091900000| Untracked 
| 282|0x0000000091a00000, 0x0000000091a00000, 0x0000000091b00000|  0%| F|  |TAMS 0x0000000091a00000, 0x0000000091a00000| Untracked 
| 283|0x0000000091b00000, 0x0000000091b00000, 0x0000000091c00000|  0%| F|  |TAMS 0x0000000091b00000, 0x0000000091b00000| Untracked 
| 284|0x0000000091c00000, 0x0000000091c00000, 0x0000000091d00000|  0%| F|  |TAMS 0x0000000091c00000, 0x0000000091c00000| Untracked 
| 285|0x0000000091d00000, 0x0000000091d00000, 0x0000000091e00000|  0%| F|  |TAMS 0x0000000091d00000, 0x0000000091d00000| Untracked 
| 286|0x0000000091e00000, 0x0000000091e00000, 0x0000000091f00000|  0%| F|  |TAMS 0x0000000091e00000, 0x0000000091e00000| Untracked 
| 287|0x0000000091f00000, 0x0000000091f00000, 0x0000000092000000|  0%| F|  |TAMS 0x0000000091f00000, 0x0000000091f00000| Untracked 
| 288|0x0000000092000000, 0x0000000092000000, 0x0000000092100000|  0%| F|  |TAMS 0x0000000092000000, 0x0000000092000000| Untracked 
| 289|0x0000000092100000, 0x0000000092100000, 0x0000000092200000|  0%| F|  |TAMS 0x0000000092100000, 0x0000000092100000| Untracked 
| 290|0x0000000092200000, 0x0000000092200000, 0x0000000092300000|  0%| F|  |TAMS 0x0000000092200000, 0x0000000092200000| Untracked 
| 291|0x0000000092300000, 0x0000000092300000, 0x0000000092400000|  0%| F|  |TAMS 0x0000000092300000, 0x0000000092300000| Untracked 
| 292|0x0000000092400000, 0x0000000092400000, 0x0000000092500000|  0%| F|  |TAMS 0x0000000092400000, 0x0000000092400000| Untracked 
| 293|0x0000000092500000, 0x0000000092500000, 0x0000000092600000|  0%| F|  |TAMS 0x0000000092500000, 0x0000000092500000| Untracked 
| 294|0x0000000092600000, 0x0000000092600000, 0x0000000092700000|  0%| F|  |TAMS 0x0000000092600000, 0x0000000092600000| Untracked 
| 295|0x0000000092700000, 0x0000000092700000, 0x0000000092800000|  0%| F|  |TAMS 0x0000000092700000, 0x0000000092700000| Untracked 
| 296|0x0000000092800000, 0x0000000092800000, 0x0000000092900000|  0%| F|  |TAMS 0x0000000092800000, 0x0000000092800000| Untracked 
| 297|0x0000000092900000, 0x0000000092900000, 0x0000000092a00000|  0%| F|  |TAMS 0x0000000092900000, 0x0000000092900000| Untracked 
| 298|0x0000000092a00000, 0x0000000092a00000, 0x0000000092b00000|  0%| F|  |TAMS 0x0000000092a00000, 0x0000000092a00000| Untracked 
| 299|0x0000000092b00000, 0x0000000092b00000, 0x0000000092c00000|  0%| F|  |TAMS 0x0000000092b00000, 0x0000000092b00000| Untracked 
| 300|0x0000000092c00000, 0x0000000092d00000, 0x0000000092d00000|100%| S|CS|TAMS 0x0000000092c00000, 0x0000000092c00000| Complete 
| 301|0x0000000092d00000, 0x0000000092e00000, 0x0000000092e00000|100%| S|CS|TAMS 0x0000000092d00000, 0x0000000092d00000| Complete 
| 302|0x0000000092e00000, 0x0000000092e00000, 0x0000000092f00000|  0%| F|  |TAMS 0x0000000092e00000, 0x0000000092e00000| Untracked 
| 303|0x0000000092f00000, 0x0000000092f00000, 0x0000000093000000|  0%| F|  |TAMS 0x0000000092f00000, 0x0000000092f00000| Untracked 
| 304|0x0000000093000000, 0x0000000093000000, 0x0000000093100000|  0%| F|  |TAMS 0x0000000093000000, 0x0000000093000000| Untracked 
| 305|0x0000000093100000, 0x0000000093100000, 0x0000000093200000|  0%| F|  |TAMS 0x0000000093100000, 0x0000000093100000| Untracked 
| 306|0x0000000093200000, 0x0000000093200000, 0x0000000093300000|  0%| F|  |TAMS 0x0000000093200000, 0x0000000093200000| Untracked 
| 307|0x0000000093300000, 0x0000000093300000, 0x0000000093400000|  0%| F|  |TAMS 0x0000000093300000, 0x0000000093300000| Untracked 
| 308|0x0000000093400000, 0x0000000093400000, 0x0000000093500000|  0%| F|  |TAMS 0x0000000093400000, 0x0000000093400000| Untracked 
| 309|0x0000000093500000, 0x0000000093500000, 0x0000000093600000|  0%| F|  |TAMS 0x0000000093500000, 0x0000000093500000| Untracked 
| 310|0x0000000093600000, 0x0000000093600000, 0x0000000093700000|  0%| F|  |TAMS 0x0000000093600000, 0x0000000093600000| Untracked 
| 311|0x0000000093700000, 0x0000000093700000, 0x0000000093800000|  0%| F|  |TAMS 0x0000000093700000, 0x0000000093700000| Untracked 
| 312|0x0000000093800000, 0x0000000093800000, 0x0000000093900000|  0%| F|  |TAMS 0x0000000093800000, 0x0000000093800000| Untracked 
| 313|0x0000000093900000, 0x00000000939c6020, 0x0000000093a00000| 77%| E|  |TAMS 0x0000000093900000, 0x0000000093900000| Complete 
| 314|0x0000000093a00000, 0x0000000093b00000, 0x0000000093b00000|100%| E|CS|TAMS 0x0000000093a00000, 0x0000000093a00000| Complete 
| 315|0x0000000093b00000, 0x0000000093c00000, 0x0000000093c00000|100%| E|CS|TAMS 0x0000000093b00000, 0x0000000093b00000| Complete 
| 316|0x0000000093c00000, 0x0000000093d00000, 0x0000000093d00000|100%| E|CS|TAMS 0x0000000093c00000, 0x0000000093c00000| Complete 

Card table byte_map: [0x0000016b959c0000,0x0000016b95dc0000] _byte_map_base: 0x0000016b955c0000

Marking Bits (Prev, Next): (CMBitMap*) 0x0000016b82afb568, (CMBitMap*) 0x0000016b82afb5a0
 Prev Bits: [0x0000016b961c0000, 0x0000016b981c0000)
 Next Bits: [0x0000016b981c0000, 0x0000016b9a1c0000)

Polling page: 0x0000016b80a10000

Metaspace:

Usage:
  Non-class:    116.28 MB capacity,   110.94 MB ( 95%) used,     4.91 MB (  4%) free+waste,   435.50 KB ( <1%) overhead. 
      Class:     19.38 MB capacity,    16.68 MB ( 86%) used,     2.50 MB ( 13%) free+waste,   210.06 KB (  1%) overhead. 
       Both:    135.66 MB capacity,   127.62 MB ( 94%) used,     7.41 MB (  5%) free+waste,   645.56 KB ( <1%) overhead. 

Virtual space:
  Non-class space:      118.00 MB reserved,     116.50 MB ( 99%) committed 
      Class space:      504.00 MB reserved,      19.50 MB (  4%) committed 
             Both:      622.00 MB reserved,     136.00 MB ( 22%) committed 

Chunk freelists:
   Non-Class:  35.00 KB
       Class:  0 bytes
        Both:  35.00 KB

MaxMetaspaceSize: 512.00 MB
CompressedClassSpaceSize: 504.00 MB

CodeHeap 'non-profiled nmethods': size=120064Kb used=11251Kb max_used=11969Kb free=108812Kb
 bounds [0x0000016b8e080000, 0x0000016b8ec40000, 0x0000016b955c0000]
CodeHeap 'profiled nmethods': size=120000Kb used=36559Kb max_used=38704Kb free=83440Kb
 bounds [0x0000016b86b50000, 0x0000016b89120000, 0x0000016b8e080000]
CodeHeap 'non-nmethods': size=5696Kb used=2345Kb max_used=2446Kb free=3351Kb
 bounds [0x0000016b865c0000, 0x0000016b86830000, 0x0000016b86b50000]
 total_blobs=17354 nmethods=16383 adapters=881
 compilation: enabled
              stopped_count=0, restarted_count=0
 full_count=0

Compilation events (20 events):
Event: 94.814 Thread 0x0000016b9c6fa800 17404       3       com.android.build.gradle.LibraryExtension_Decorated::getBuildToolsRevision (40 bytes)
Event: 94.815 Thread 0x0000016b9c6fa800 nmethod 17404 0x0000016b86b8d510 code [0x0000016b86b8d7a0, 0x0000016b86b8e088]
Event: 94.815 Thread 0x0000016b9c6fa800 17405       3       org.gradle.api.internal.provider.FlatMapProvider::calculateOwnValue (44 bytes)
Event: 94.816 Thread 0x0000016b9c6fa800 nmethod 17405 0x0000016b86b95610 code [0x0000016b86b95860, 0x0000016b86b96258]
Event: 94.823 Thread 0x0000016b9c6fa800 17407       3       kotlin.jvm.internal.CallableReference::<init> (10 bytes)
Event: 94.823 Thread 0x0000016b9c6fa800 nmethod 17407 0x0000016b86b6e590 code [0x0000016b86b6e760, 0x0000016b86b6ea18]
Event: 94.852 Thread 0x0000016b9c6fa800 17408       3       com.android.build.gradle.tasks.BundleAar_Decorated::getArchiveExtension (33 bytes)
Event: 94.852 Thread 0x0000016b9c6fa800 nmethod 17408 0x0000016b86b94690 code [0x0000016b86b948e0, 0x0000016b86b95348]
Event: 94.856 Thread 0x0000016b9c6fa800 17410       3       com.android.build.gradle.internal.scope.MutableTaskContainer::getResourceGenTask (19 bytes)
Event: 94.856 Thread 0x0000016b9c6fa800 nmethod 17410 0x0000016b86b93810 code [0x0000016b86b93aa0, 0x0000016b86b942f8]
Event: 94.857 Thread 0x0000016b9c6fa800 17411       1       com.android.build.gradle.internal.res.Aapt2FromMaven::getAapt2Directory (5 bytes)
Event: 94.857 Thread 0x0000016b9c6fa800 nmethod 17411 0x0000016b8e09fc10 code [0x0000016b8e09fdc0, 0x0000016b8e09fe78]
Event: 94.857 Thread 0x0000016b9c6fa800 17412       3       com.android.build.gradle.internal.services.Aapt2Input_Decorated::getBinaryDirectory (32 bytes)
Event: 94.857 Thread 0x0000016b9c6fa800 nmethod 17412 0x0000016b86b92b90 code [0x0000016b86b92dc0, 0x0000016b86b935b8]
Event: 94.857 Thread 0x0000016b9c6fa800 17413       1       com.android.build.gradle.internal.res.Aapt2FromMaven::getVersion (5 bytes)
Event: 94.857 Thread 0x0000016b9c6fa800 nmethod 17413 0x0000016b8e09f910 code [0x0000016b8e09fac0, 0x0000016b8e09fb78]
Event: 94.858 Thread 0x0000016b9c6fa800 17414       1       org.gradle.jvm.tasks.Jar_Decorated::getModelIdentityDisplayName (5 bytes)
Event: 94.858 Thread 0x0000016b9c6fa800 nmethod 17414 0x0000016b8e09f610 code [0x0000016b8e09f7c0, 0x0000016b8e09f878]
Event: 94.861 Thread 0x0000016b9c6fa800 17415       3       com.android.build.gradle.internal.variant.VariantPathHelper::generatedDir (14 bytes)
Event: 94.861 Thread 0x0000016b9c6fa800 nmethod 17415 0x0000016b86b92110 code [0x0000016b86b92340, 0x0000016b86b92908]

GC Heap History (20 events):
Event: 89.535 GC heap before
{Heap before GC invocations=106 (full 0):
 garbage-first heap   total 324608K, used 278518K [0x0000000080000000, 0x0000000100000000)
  region size 1024K, 25 young (25600K), 3 survivors (3072K)
 Metaspace       used 125183K, capacity 132992K, committed 133120K, reserved 630784K
  class space    used 16464K, capacity 19108K, committed 19200K, reserved 516096K
}
Event: 89.546 GC heap after
{Heap after GC invocations=107 (full 0):
 garbage-first heap   total 324608K, used 259176K [0x0000000080000000, 0x0000000100000000)
  region size 1024K, 4 young (4096K), 4 survivors (4096K)
 Metaspace       used 125183K, capacity 132992K, committed 133120K, reserved 630784K
  class space    used 16464K, capacity 19108K, committed 19200K, reserved 516096K
}
Event: 90.216 GC heap before
{Heap before GC invocations=108 (full 0):
 garbage-first heap   total 324608K, used 279656K [0x0000000080000000, 0x0000000100000000)
  region size 1024K, 25 young (25600K), 4 survivors (4096K)
 Metaspace       used 125366K, capacity 133251K, committed 133376K, reserved 630784K
  class space    used 16480K, capacity 19173K, committed 19200K, reserved 516096K
}
Event: 90.231 GC heap after
{Heap after GC invocations=109 (full 0):
 garbage-first heap   total 324608K, used 262064K [0x0000000080000000, 0x0000000100000000)
  region size 1024K, 3 young (3072K), 3 survivors (3072K)
 Metaspace       used 125366K, capacity 133251K, committed 133376K, reserved 630784K
  class space    used 16480K, capacity 19173K, committed 19200K, reserved 516096K
}
Event: 90.432 GC heap before
{Heap before GC invocations=109 (full 0):
 garbage-first heap   total 324608K, used 274352K [0x0000000080000000, 0x0000000100000000)
  region size 1024K, 15 young (15360K), 3 survivors (3072K)
 Metaspace       used 125565K, capacity 133500K, committed 133632K, reserved 630784K
  class space    used 16495K, capacity 19187K, committed 19200K, reserved 516096K
}
Event: 90.444 GC heap after
{Heap after GC invocations=110 (full 0):
 garbage-first heap   total 324608K, used 261697K [0x0000000080000000, 0x0000000100000000)
  region size 1024K, 2 young (2048K), 2 survivors (2048K)
 Metaspace       used 125565K, capacity 133500K, committed 133632K, reserved 630784K
  class space    used 16495K, capacity 19187K, committed 19200K, reserved 516096K
}
Event: 90.779 GC heap before
{Heap before GC invocations=110 (full 0):
 garbage-first heap   total 324608K, used 282177K [0x0000000080000000, 0x0000000100000000)
  region size 1024K, 22 young (22528K), 2 survivors (2048K)
 Metaspace       used 127474K, capacity 135551K, committed 135680K, reserved 632832K
  class space    used 16703K, capacity 19420K, committed 19456K, reserved 516096K
}
Event: 90.783 GC heap after
{Heap after GC invocations=111 (full 0):
 garbage-first heap   total 324608K, used 262074K [0x0000000080000000, 0x0000000100000000)
  region size 1024K, 2 young (2048K), 2 survivors (2048K)
 Metaspace       used 127474K, capacity 135551K, committed 135680K, reserved 632832K
  class space    used 16703K, capacity 19420K, committed 19456K, reserved 516096K
}
Event: 91.718 GC heap before
{Heap before GC invocations=112 (full 0):
 garbage-first heap   total 324608K, used 282554K [0x0000000080000000, 0x0000000100000000)
  region size 1024K, 22 young (22528K), 2 survivors (2048K)
 Metaspace       used 128351K, capacity 136497K, committed 136704K, reserved 634880K
  class space    used 16821K, capacity 19597K, committed 19712K, reserved 516096K
}
Event: 91.723 GC heap after
{Heap after GC invocations=113 (full 0):
 garbage-first heap   total 324608K, used 263807K [0x0000000080000000, 0x0000000100000000)
  region size 1024K, 3 young (3072K), 3 survivors (3072K)
 Metaspace       used 128351K, capacity 136497K, committed 136704K, reserved 634880K
  class space    used 16821K, capacity 19597K, committed 19712K, reserved 516096K
}
Event: 92.797 GC heap before
{Heap before GC invocations=113 (full 0):
 garbage-first heap   total 324608K, used 284287K [0x0000000080000000, 0x0000000100000000)
  region size 1024K, 23 young (23552K), 3 survivors (3072K)
 Metaspace       used 128929K, capacity 137047K, committed 137216K, reserved 634880K
  class space    used 16870K, capacity 19630K, committed 19712K, reserved 516096K
}
Event: 92.805 GC heap after
{Heap after GC invocations=114 (full 0):
 garbage-first heap   total 324608K, used 265885K [0x0000000080000000, 0x0000000100000000)
  region size 1024K, 2 young (2048K), 2 survivors (2048K)
 Metaspace       used 128929K, capacity 137047K, committed 137216K, reserved 634880K
  class space    used 16870K, capacity 19630K, committed 19712K, reserved 516096K
}
Event: 93.424 GC heap before
{Heap before GC invocations=114 (full 0):
 garbage-first heap   total 324608K, used 285341K [0x0000000080000000, 0x0000000100000000)
  region size 1024K, 21 young (21504K), 2 survivors (2048K)
 Metaspace       used 129874K, capacity 138010K, committed 138368K, reserved 634880K
  class space    used 16990K, capacity 19736K, committed 19840K, reserved 516096K
}
Event: 93.432 GC heap after
{Heap after GC invocations=115 (full 0):
 garbage-first heap   total 324608K, used 267615K [0x0000000080000000, 0x0000000100000000)
  region size 1024K, 2 young (2048K), 2 survivors (2048K)
 Metaspace       used 129874K, capacity 138010K, committed 138368K, reserved 634880K
  class space    used 16990K, capacity 19736K, committed 19840K, reserved 516096K
}
Event: 93.935 GC heap before
{Heap before GC invocations=116 (full 0):
 garbage-first heap   total 324608K, used 286047K [0x0000000080000000, 0x0000000100000000)
  region size 1024K, 20 young (20480K), 2 survivors (2048K)
 Metaspace       used 130514K, capacity 138647K, committed 138880K, reserved 636928K
  class space    used 17066K, capacity 19822K, committed 19840K, reserved 516096K
}
Event: 93.942 GC heap after
{Heap after GC invocations=117 (full 0):
 garbage-first heap   total 324608K, used 271098K [0x0000000080000000, 0x0000000100000000)
  region size 1024K, 3 young (3072K), 3 survivors (3072K)
 Metaspace       used 130514K, capacity 138647K, committed 138880K, reserved 636928K
  class space    used 17066K, capacity 19822K, committed 19840K, reserved 516096K
}
Event: 94.230 GC heap before
{Heap before GC invocations=117 (full 0):
 garbage-first heap   total 324608K, used 283386K [0x0000000080000000, 0x0000000100000000)
  region size 1024K, 15 young (15360K), 3 survivors (3072K)
 Metaspace       used 130635K, capacity 138841K, committed 139008K, reserved 636928K
  class space    used 17078K, capacity 19843K, committed 19968K, reserved 516096K
}
Event: 94.242 GC heap after
{Heap after GC invocations=118 (full 0):
 garbage-first heap   total 324608K, used 274622K [0x0000000080000000, 0x0000000100000000)
  region size 1024K, 2 young (2048K), 2 survivors (2048K)
 Metaspace       used 130635K, capacity 138841K, committed 139008K, reserved 636928K
  class space    used 17078K, capacity 19843K, committed 19968K, reserved 516096K
}
Event: 94.589 GC heap before
{Heap before GC invocations=118 (full 0):
 garbage-first heap   total 324608K, used 287934K [0x0000000080000000, 0x0000000100000000)
  region size 1024K, 15 young (15360K), 2 survivors (2048K)
 Metaspace       used 130673K, capacity 138911K, committed 139264K, reserved 636928K
  class space    used 17078K, capacity 19844K, committed 19968K, reserved 516096K
}
Event: 94.602 GC heap after
{Heap after GC invocations=119 (full 0):
 garbage-first heap   total 324608K, used 279208K [0x0000000080000000, 0x0000000100000000)
  region size 1024K, 2 young (2048K), 2 survivors (2048K)
 Metaspace       used 130673K, capacity 138911K, committed 139264K, reserved 636928K
  class space    used 17078K, capacity 19844K, committed 19968K, reserved 516096K
}

Deoptimization events (20 events):
Event: 94.373 Thread 0x0000016b9f0f5800 DEOPT PACKING pc=0x0000016b8ec2889c sp=0x000000075a3f5bf0
Event: 94.374 Thread 0x0000016b9f0f5800 DEOPT UNPACKING pc=0x0000016b865e662f sp=0x000000075a3f5b98 mode 2
Event: 94.391 Thread 0x0000016b9f0f5800 DEOPT PACKING pc=0x0000016b8902b8ba sp=0x000000075a3f6b30
Event: 94.391 Thread 0x0000016b9f0f5800 DEOPT UNPACKING pc=0x0000016b865e6dde sp=0x000000075a3f5fd8 mode 0
Event: 94.402 Thread 0x0000016b9f0f5800 Uncommon trap: trap_request=0xffffffd6 fr.pc=0x0000016b8ec2af18 relative=0x0000000000000b58
Event: 94.402 Thread 0x0000016b9f0f5800 Uncommon trap: reason=array_check action=maybe_recompile pc=0x0000016b8ec2af18 method=com.google.common.collect.RegularImmutableMap.fromEntryArray(I[Ljava/util/Map$Entry;)Lcom/google/common/collect/ImmutableMap; @ 157 c2
Event: 94.402 Thread 0x0000016b9f0f5800 DEOPT PACKING pc=0x0000016b8ec2af18 sp=0x000000075a3f5be0
Event: 94.402 Thread 0x0000016b9f0f5800 DEOPT UNPACKING pc=0x0000016b865e662f sp=0x000000075a3f5b90 mode 2
Event: 94.402 Thread 0x0000016b9f0f5800 Uncommon trap: trap_request=0xffffffd6 fr.pc=0x0000016b8ec2af18 relative=0x0000000000000b58
Event: 94.402 Thread 0x0000016b9f0f5800 Uncommon trap: reason=array_check action=maybe_recompile pc=0x0000016b8ec2af18 method=com.google.common.collect.RegularImmutableMap.fromEntryArray(I[Ljava/util/Map$Entry;)Lcom/google/common/collect/ImmutableMap; @ 157 c2
Event: 94.402 Thread 0x0000016b9f0f5800 DEOPT PACKING pc=0x0000016b8ec2af18 sp=0x000000075a3f5be0
Event: 94.402 Thread 0x0000016b9f0f5800 DEOPT UNPACKING pc=0x0000016b865e662f sp=0x000000075a3f5b90 mode 2
Event: 94.402 Thread 0x0000016b9f0f5800 Uncommon trap: trap_request=0xffffffd6 fr.pc=0x0000016b8ec2af18 relative=0x0000000000000b58
Event: 94.402 Thread 0x0000016b9f0f5800 Uncommon trap: reason=array_check action=maybe_recompile pc=0x0000016b8ec2af18 method=com.google.common.collect.RegularImmutableMap.fromEntryArray(I[Ljava/util/Map$Entry;)Lcom/google/common/collect/ImmutableMap; @ 157 c2
Event: 94.402 Thread 0x0000016b9f0f5800 DEOPT PACKING pc=0x0000016b8ec2af18 sp=0x000000075a3f5be0
Event: 94.402 Thread 0x0000016b9f0f5800 DEOPT UNPACKING pc=0x0000016b865e662f sp=0x000000075a3f5b90 mode 2
Event: 94.402 Thread 0x0000016b9f0f5800 Uncommon trap: trap_request=0xffffffd6 fr.pc=0x0000016b8ec2af18 relative=0x0000000000000b58
Event: 94.402 Thread 0x0000016b9f0f5800 Uncommon trap: reason=array_check action=maybe_recompile pc=0x0000016b8ec2af18 method=com.google.common.collect.RegularImmutableMap.fromEntryArray(I[Ljava/util/Map$Entry;)Lcom/google/common/collect/ImmutableMap; @ 157 c2
Event: 94.402 Thread 0x0000016b9f0f5800 DEOPT PACKING pc=0x0000016b8ec2af18 sp=0x000000075a3f5be0
Event: 94.402 Thread 0x0000016b9f0f5800 DEOPT UNPACKING pc=0x0000016b865e662f sp=0x000000075a3f5b90 mode 2

Classes redefined (0 events):
No events

Internal exceptions (20 events):
Event: 90.934 Thread 0x0000016b9f0f5800 Exception <a 'sun/nio/fs/WindowsException'{0x000000009386e528}> (0x000000009386e528) thrown at [./src/hotspot/share/prims/jni.cpp, line 615]
Event: 90.934 Thread 0x0000016b9f0f5800 Exception <a 'sun/nio/fs/WindowsException'{0x000000009386f648}> (0x000000009386f648) thrown at [./src/hotspot/share/prims/jni.cpp, line 615]
Event: 90.934 Thread 0x0000016b9f0f5800 Exception <a 'sun/nio/fs/WindowsException'{0x0000000093870768}> (0x0000000093870768) thrown at [./src/hotspot/share/prims/jni.cpp, line 615]
Event: 92.763 Thread 0x0000016b9f0f5800 Exception <a 'java/lang/reflect/InvocationTargetException'{0x0000000092aa2fd8}> (0x0000000092aa2fd8) thrown at [./src/hotspot/share/runtime/reflection.cpp, line 1247]
Event: 92.943 Thread 0x0000016b9f0f5800 Implicit null exception at 0x0000016b8eb972b3 to 0x0000016b8eb97958
Event: 92.966 Thread 0x0000016b9f0f5800 Implicit null exception at 0x0000016b8e5536ad to 0x0000016b8e555f8c
Event: 93.104 Thread 0x0000016b9f0f5800 Exception <a 'java/lang/ClassNotFoundException'{0x0000000093291c88}: com/google/gms/googleservices/GoogleServicesTask_DecoratedBeanInfo> (0x0000000093291c88) thrown at [./src/hotspot/share/classfile/systemDictionary.cpp, line 231]
Event: 93.105 Thread 0x0000016b9f0f5800 Exception <a 'java/lang/ClassNotFoundException'{0x00000000932b1cf0}: com/google/gms/googleservices/GoogleServicesTaskBeanInfo> (0x00000000932b1cf0) thrown at [./src/hotspot/share/classfile/systemDictionary.cpp, line 231]
Event: 93.105 Thread 0x0000016b9f0f5800 Exception <a 'java/lang/ClassNotFoundException'{0x00000000932d27c0}: com/google/gms/googleservices/GoogleServicesTaskCustomizer> (0x00000000932d27c0) thrown at [./src/hotspot/share/classfile/systemDictionary.cpp, line 231]
Event: 93.106 Thread 0x0000016b9f0f5800 Exception <a 'java/lang/ClassNotFoundException'{0x00000000931090d8}: com/google/gms/googleservices/GoogleServicesTask_DecoratedCustomizer> (0x00000000931090d8) thrown at [./src/hotspot/share/classfile/systemDictionary.cpp, line 231]
Event: 93.209 Thread 0x0000016b9f0f5800 Exception <a 'java/lang/ClassNotFoundException'{0x00000000931c0048}: org/gradle/api/internal/file/DefaultFilePropertyFactory$DefaultDirectoryVarBeanInfo> (0x00000000931c0048) thrown at [./src/hotspot/share/classfile/systemDictionary.cpp, line 231]
Event: 93.209 Thread 0x0000016b9f0f5800 Exception <a 'java/lang/ClassNotFoundException'{0x00000000931e19d0}: org/gradle/api/internal/file/DefaultFilePropertyFactory$AbstractFileVarBeanInfo> (0x00000000931e19d0) thrown at [./src/hotspot/share/classfile/systemDictionary.cpp, line 231]
Event: 93.210 Thread 0x0000016b9f0f5800 Exception <a 'java/lang/ClassNotFoundException'{0x0000000093000000}: org/gradle/api/internal/provider/DefaultPropertyBeanInfo> (0x0000000093000000) thrown at [./src/hotspot/share/classfile/systemDictionary.cpp, line 231]
Event: 93.210 Thread 0x0000016b9f0f5800 Exception <a 'java/lang/ClassNotFoundException'{0x000000009301e6b0}: org/gradle/api/internal/provider/AbstractPropertyBeanInfo> (0x000000009301e6b0) thrown at [./src/hotspot/share/classfile/systemDictionary.cpp, line 231]
Event: 93.211 Thread 0x0000016b9f0f5800 Exception <a 'java/lang/ClassNotFoundException'{0x000000009303dad0}: org/gradle/api/internal/provider/AbstractPropertyCustomizer> (0x000000009303dad0) thrown at [./src/hotspot/share/classfile/systemDictionary.cpp, line 231]
Event: 93.214 Thread 0x0000016b9f0f5800 Exception <a 'java/lang/ClassNotFoundException'{0x0000000093068280}: org/gradle/api/internal/provider/DefaultPropertyCustomizer> (0x0000000093068280) thrown at [./src/hotspot/share/classfile/systemDictionary.cpp, line 231]
Event: 93.215 Thread 0x0000016b9f0f5800 Exception <a 'java/lang/ClassNotFoundException'{0x000000009309c768}: org/gradle/api/internal/file/DefaultFilePropertyFactory$AbstractFileVarCustomizer> (0x000000009309c768) thrown at [./src/hotspot/share/classfile/systemDictionary.cpp, line 231]
Event: 93.237 Thread 0x0000016b9f0f5800 Exception <a 'java/lang/ClassNotFoundException'{0x00000000930f4418}: org/gradle/api/internal/file/DefaultFilePropertyFactory$DefaultDirectoryVarCustomizer> (0x00000000930f4418) thrown at [./src/hotspot/share/classfile/systemDictionary.cpp, line 231]
Event: 93.243 Thread 0x0000016b9f0f5800 Exception <a 'java/lang/ClassNotFoundException'{0x0000000092e92278}: com/android/build/gradle/internal/api/ImmutableFlavorListBeanInfo> (0x0000000092e92278) thrown at [./src/hotspot/share/classfile/systemDictionary.cpp, line 231]
Event: 93.244 Thread 0x0000016b9f0f5800 Exception <a 'java/lang/ClassNotFoundException'{0x0000000092eb33e8}: com/android/build/gradle/internal/api/ImmutableFlavorListCustomizer> (0x0000000092eb33e8) thrown at [./src/hotspot/share/classfile/systemDictionary.cpp, line 231]

Events (20 events):
Event: 94.498 Thread 0x0000016b9c6fd000 flushing nmethod 0x0000016b874dda10
Event: 94.498 Thread 0x0000016b9c6fd000 flushing nmethod 0x0000016b8751c610
Event: 94.498 Thread 0x0000016b9c6fd000 flushing nmethod 0x0000016b87548790
Event: 94.499 Thread 0x0000016b9c6fd000 flushing nmethod 0x0000016b87592790
Event: 94.499 Thread 0x0000016b9c6fd000 flushing nmethod 0x0000016b875b5910
Event: 94.499 Thread 0x0000016b9c6fd000 flushing nmethod 0x0000016b875d6190
Event: 94.499 Thread 0x0000016b9c6fd000 flushing nmethod 0x0000016b87625590
Event: 94.499 Thread 0x0000016b9c6fd000 flushing nmethod 0x0000016b8762c210
Event: 94.499 Thread 0x0000016b9c6fd000 flushing nmethod 0x0000016b8762f110
Event: 94.499 Thread 0x0000016b9c6fd000 flushing nmethod 0x0000016b87633590
Event: 94.499 Thread 0x0000016b9c6fd000 flushing nmethod 0x0000016b87668890
Event: 94.499 Thread 0x0000016b9c6fd000 flushing nmethod 0x0000016b87686290
Event: 94.500 Thread 0x0000016b9c6fd000 flushing nmethod 0x0000016b87737a10
Event: 94.500 Thread 0x0000016b9c6fd000 flushing nmethod 0x0000016b87738690
Event: 94.500 Thread 0x0000016b9c6fd000 flushing nmethod 0x0000016b87742d10
Event: 94.500 Thread 0x0000016b9c6fd000 flushing nmethod 0x0000016b87750690
Event: 94.503 Thread 0x0000016b9c6fd000 flushing nmethod 0x0000016b87cbfa90
Event: 94.503 Thread 0x0000016b9c6fd000 flushing nmethod 0x0000016b87d8b590
Event: 94.589 Executing VM operation: G1CollectForAllocation
Event: 94.602 Executing VM operation: G1CollectForAllocation done


Dynamic libraries:
0x00007ff692f50000 - 0x00007ff692f5a000 	C:\Program Files\Android\Android Studio\jre\bin\java.exe
0x00007ffbe9a30000 - 0x00007ffbe9c27000 	C:\Windows\SYSTEM32\ntdll.dll
0x00007ffbe84e0000 - 0x00007ffbe859d000 	C:\Windows\System32\KERNEL32.DLL
0x00007ffbe7620000 - 0x00007ffbe78ed000 	C:\Windows\System32\KERNELBASE.dll
0x00007ffbe72a0000 - 0x00007ffbe73a0000 	C:\Windows\System32\ucrtbase.dll
0x00007ffbd10e0000 - 0x00007ffbd10f9000 	C:\Program Files\Android\Android Studio\jre\bin\jli.dll
0x00007ffbe8060000 - 0x00007ffbe8200000 	C:\Windows\System32\USER32.dll
0x00007ffbe7570000 - 0x00007ffbe7592000 	C:\Windows\System32\win32u.dll
0x00007ffbe7a90000 - 0x00007ffbe7aba000 	C:\Windows\System32\GDI32.dll
0x00007ffbe7980000 - 0x00007ffbe7a8b000 	C:\Windows\System32\gdi32full.dll
0x00007ffbe7150000 - 0x00007ffbe71ed000 	C:\Windows\System32\msvcp_win.dll
0x00007ffbd41c0000 - 0x00007ffbd445a000 	C:\Windows\WinSxS\amd64_microsoft.windows.common-controls_6595b64144ccf1df_6.0.19041.1110_none_60b5254171f9507e\COMCTL32.dll
0x00007ffbe9870000 - 0x00007ffbe990e000 	C:\Windows\System32\msvcrt.dll
0x00007ffbc7490000 - 0x00007ffbc74a7000 	C:\Program Files\Android\Android Studio\jre\bin\VCRUNTIME140.dll
0x00007ffbe99c0000 - 0x00007ffbe99f0000 	C:\Windows\System32\IMM32.DLL
0x00007ffbc21b0000 - 0x00007ffbc224d000 	C:\Program Files\Android\Android Studio\jre\bin\msvcp140.dll
0x00007ffbc2400000 - 0x00007ffbc2ed5000 	C:\Program Files\Android\Android Studio\jre\bin\server\jvm.dll
0x00007ffbe9910000 - 0x00007ffbe99be000 	C:\Windows\System32\ADVAPI32.dll
0x00007ffbe7e90000 - 0x00007ffbe7f2c000 	C:\Windows\System32\sechost.dll
0x00007ffbe7f30000 - 0x00007ffbe8055000 	C:\Windows\System32\RPCRT4.dll
0x00007ffbe85b0000 - 0x00007ffbe85b8000 	C:\Windows\System32\PSAPI.DLL
0x00007ffbe2720000 - 0x00007ffbe2729000 	C:\Windows\SYSTEM32\WSOCK32.dll
0x00007ffbe9080000 - 0x00007ffbe90eb000 	C:\Windows\System32\WS2_32.dll
0x00007ffbcdd20000 - 0x00007ffbcdd47000 	C:\Windows\SYSTEM32\WINMM.dll
0x00007ffbe0380000 - 0x00007ffbe038a000 	C:\Windows\SYSTEM32\VERSION.dll
0x00007ffbe5070000 - 0x00007ffbe5082000 	C:\Windows\SYSTEM32\kernel.appcore.dll
0x00007ffbca6f0000 - 0x00007ffbca701000 	C:\Program Files\Android\Android Studio\jre\bin\verify.dll
0x00007ffbd8f90000 - 0x00007ffbd9174000 	C:\Windows\SYSTEM32\DBGHELP.DLL
0x00007ffbd8f60000 - 0x00007ffbd8f8c000 	C:\Windows\SYSTEM32\dbgcore.DLL
0x00007ffbe78f0000 - 0x00007ffbe7972000 	C:\Windows\System32\bcryptPrimitives.dll
0x00007ffbca600000 - 0x00007ffbca629000 	C:\Program Files\Android\Android Studio\jre\bin\java.dll
0x00007ffbe4920000 - 0x00007ffbe492b000 	C:\Program Files\Android\Android Studio\jre\bin\jimage.dll
0x00007ffbca6d0000 - 0x00007ffbca6e8000 	C:\Program Files\Android\Android Studio\jre\bin\zip.dll
0x00007ffbe85d0000 - 0x00007ffbe8d14000 	C:\Windows\System32\SHELL32.dll
0x00007ffbe5270000 - 0x00007ffbe5a04000 	C:\Windows\SYSTEM32\windows.storage.dll
0x00007ffbe8d20000 - 0x00007ffbe9074000 	C:\Windows\System32\combase.dll
0x00007ffbe6ae0000 - 0x00007ffbe6b0c000 	C:\Windows\SYSTEM32\Wldp.dll
0x00007ffbe7d80000 - 0x00007ffbe7e2d000 	C:\Windows\System32\SHCORE.dll
0x00007ffbe7e30000 - 0x00007ffbe7e85000 	C:\Windows\System32\shlwapi.dll
0x00007ffbe7090000 - 0x00007ffbe70af000 	C:\Windows\SYSTEM32\profapi.dll
0x00007ffbc9760000 - 0x00007ffbc977a000 	C:\Program Files\Android\Android Studio\jre\bin\net.dll
0x00007ffbdc280000 - 0x00007ffbdc38a000 	C:\Windows\SYSTEM32\WINHTTP.dll
0x00007ffbe6840000 - 0x00007ffbe68aa000 	C:\Windows\system32\mswsock.dll
0x00007ffbc9740000 - 0x00007ffbc9754000 	C:\Program Files\Android\Android Studio\jre\bin\nio.dll
0x00007ffbc4ac0000 - 0x00007ffbc4ae7000 	C:\Users\mikik\.gradle\native\e1d6ef7f7dcc3fd88c89a11ec53ec762bb8ba0a96d01ffa2cd45eb1d1d8dd5c5\windows-amd64\native-platform.dll
0x00007ffba9fb0000 - 0x00007ffbaa0f4000 	C:\Users\mikik\.gradle\native\5664cfc778a61ccfe75a443a1ab52a65af34e5dc3c78e0209fed803814484fcb\windows-amd64\native-platform-file-events.dll
0x00007ffbd8120000 - 0x00007ffbd812a000 	C:\Program Files\Android\Android Studio\jre\bin\management.dll
0x00007ffbd8100000 - 0x00007ffbd810d000 	C:\Program Files\Android\Android Studio\jre\bin\management_ext.dll
0x00007ffbe6a30000 - 0x00007ffbe6a48000 	C:\Windows\SYSTEM32\CRYPTSP.dll
0x00007ffbe61c0000 - 0x00007ffbe61f4000 	C:\Windows\system32\rsaenh.dll
0x00007ffbe75a0000 - 0x00007ffbe75c7000 	C:\Windows\System32\bcrypt.dll
0x00007ffbe7050000 - 0x00007ffbe707e000 	C:\Windows\SYSTEM32\USERENV.dll
0x00007ffbe6a50000 - 0x00007ffbe6a5c000 	C:\Windows\SYSTEM32\CRYPTBASE.dll
0x00007ffbe6530000 - 0x00007ffbe656b000 	C:\Windows\SYSTEM32\IPHLPAPI.DLL
0x00007ffbe85c0000 - 0x00007ffbe85c8000 	C:\Windows\System32\NSI.dll
0x00007ffbe0600000 - 0x00007ffbe0617000 	C:\Windows\SYSTEM32\dhcpcsvc6.DLL
0x00007ffbe0d10000 - 0x00007ffbe0d2d000 	C:\Windows\SYSTEM32\dhcpcsvc.DLL
0x00007ffbe6570000 - 0x00007ffbe663b000 	C:\Windows\SYSTEM32\DNSAPI.dll
0x00007ffbc9430000 - 0x00007ffbc9457000 	C:\Program Files\Android\Android Studio\jre\bin\sunec.dll
0x00007ffbdc190000 - 0x00007ffbdc19a000 	C:\Windows\System32\rasadhlp.dll
0x00007ffbdc1e0000 - 0x00007ffbdc260000 	C:\Windows\System32\fwpuclnt.dll

dbghelp: loaded successfully - version: 4.0.5 - missing functions: none
symbol engine: initialized successfully - sym options: 0x614 - pdb path: .;C:\Program Files\Android\Android Studio\jre\bin;C:\Windows\SYSTEM32;C:\Windows\WinSxS\amd64_microsoft.windows.common-controls_6595b64144ccf1df_6.0.19041.1110_none_60b5254171f9507e;C:\Program Files\Android\Android Studio\jre\bin\server;C:\Users\mikik\.gradle\native\e1d6ef7f7dcc3fd88c89a11ec53ec762bb8ba0a96d01ffa2cd45eb1d1d8dd5c5\windows-amd64;C:\Users\mikik\.gradle\native\5664cfc778a61ccfe75a443a1ab52a65af34e5dc3c78e0209fed803814484fcb\windows-amd64

VM Arguments:
jvm_args: -XX:MaxMetaspaceSize=512m --add-opens=java.base/java.util=ALL-UNNAMED --add-opens=java.base/java.lang=ALL-UNNAMED --add-opens=java.base/java.lang.invoke=ALL-UNNAMED --add-opens=java.base/java.util=ALL-UNNAMED --add-opens=java.prefs/java.util.prefs=ALL-UNNAMED --add-opens=java.prefs/java.util.prefs=ALL-UNNAMED --add-opens=java.base/java.nio.charset=ALL-UNNAMED --add-opens=java.base/java.net=ALL-UNNAMED --add-opens=java.base/java.util.concurrent.atomic=ALL-UNNAMED -Xmx2048m -Dfile.encoding=windows-1252 -Duser.country=ID -Duser.language=en -Duser.variant 
java_command: org.gradle.launcher.daemon.bootstrap.GradleDaemon 7.3.3
java_class_path (initial): C:\Users\mikik\.gradle\wrapper\dists\gradle-7.3.3-all\4295vidhdd9hd3gbjyw1xqxpo\gradle-7.3.3\lib\gradle-launcher-7.3.3.jar
Launcher Type: SUN_STANDARD

[Global flags]
     intx CICompilerCount                          = 3                                         {product} {ergonomic}
   size_t CompressedClassSpaceSize                 = 528482304                                 {product} {ergonomic}
     uint ConcGCThreads                            = 1                                         {product} {ergonomic}
     uint G1ConcRefinementThreads                  = 4                                         {product} {ergonomic}
   size_t G1HeapRegionSize                         = 1048576                                   {product} {ergonomic}
    uintx GCDrainStackTargetSize                   = 64                                        {product} {ergonomic}
   size_t InitialHeapSize                          = 132120576                                 {product} {ergonomic}
   size_t MarkStackSize                            = 4194304                                   {product} {ergonomic}
   size_t MaxHeapSize                              = 2147483648                                {product} {command line}
   size_t MaxMetaspaceSize                         = 536870912                                 {product} {command line}
   size_t MaxNewSize                               = 1287651328                                {product} {ergonomic}
   size_t MinHeapDeltaBytes                        = 1048576                                   {product} {ergonomic}
    uintx NonNMethodCodeHeapSize                   = 5830732                                {pd product} {ergonomic}
    uintx NonProfiledCodeHeapSize                  = 122913754                              {pd product} {ergonomic}
    uintx ProfiledCodeHeapSize                     = 122913754                              {pd product} {ergonomic}
    uintx ReservedCodeCacheSize                    = 251658240                              {pd product} {ergonomic}
     bool SegmentedCodeCache                       = true                                      {product} {ergonomic}
     bool UseCompressedClassPointers               = true                                 {lp64_product} {ergonomic}
     bool UseCompressedOops                        = true                                 {lp64_product} {ergonomic}
     bool UseG1GC                                  = true                                      {product} {ergonomic}
     bool UseLargePagesIndividualAllocation        = false                                  {pd product} {ergonomic}

Logging:
Log output configuration:
 #0: stdout all=warning uptime,level,tags
 #1: stderr all=off uptime,level,tags

Environment Variables:
JAVA_HOME=C:\Program Files\OpenJDK\openjdk-11.0.15_10
PATH=C:\Program Files (x86)\Common Files\Intel\Shared Libraries\redist\intel64\compiler;C:\Python310\Scripts\;C:\Python310\;C:\Windows\system32;C:\Windows;C:\Windows\System32\Wbem;C:\Windows\System32\WindowsPowerShell\v1.0\;C:\Windows\System32\OpenSSH\;C:\Program Files\Git\cmd;C:\Program Files\nodejs\;C:\ProgramData\chocolatey\bin;C:\Users\mikik\AppData\Local\Android\Sdk\emulator;C:\Users\mikik\AppData\Local\Android\Sdk\platform-tools;C:\Program Files\OpenJDK\openjdk-11.0.15_10\bin;C:\Program Files\dotnet\;C:\Users\mikik\AppData\Local\Microsoft\WindowsApps;C:\Users\mikik\AppData\Local\Programs\Microsoft VS Code\bin;C:\Users\mikik\AppData\Roaming\npm
USERNAME=mikik
OS=Windows_NT
PROCESSOR_IDENTIFIER=Intel64 Family 6 Model 60 Stepping 3, GenuineIntel



---------------  S Y S T E M  ---------------

OS: Windows 10 , 64 bit Build 19041 (10.0.19041.1741)
OS uptime: 0 days 2:11 hours

CPU:total 4 (initial active 4) (4 cores per cpu, 1 threads per core) family 6 model 60 stepping 3 microcode 0x27, cmov, cx8, fxsr, mmx, sse, sse2, sse3, ssse3, sse4.1, sse4.2, popcnt, avx, avx2, aes, clmul, erms, lzcnt, tsc, tscinvbit, bmi1, bmi2, fma

Memory: 4k page, system-wide physical 8060M (363M free)
TotalPageFile size 20488M (AvailPageFile size 7M)
current process WorkingSet (physical memory assigned to process): 542M, peak: 556M
current process commit charge ("private bytes"): 748M, peak: 750M

vm_info: OpenJDK 64-Bit Server VM (11.0.11+9-b60-7590822) for windows-amd64 JRE (11.0.11+9-b60-7590822), built on Jul 29 2021 21:43:44 by "builder" with MS VC++ 14.0 (VS2015)

END.
